mode: count
github.com/Juniper/jtimon/alias.go:17.44,20.16 2 25
github.com/Juniper/jtimon/alias.go:20.16,22.3 1 22
github.com/Juniper/jtimon/alias.go:23.2,26.6 4 3
github.com/Juniper/jtimon/alias.go:26.6,28.20 2 24
github.com/Juniper/jtimon/alias.go:28.20,29.9 1 2
github.com/Juniper/jtimon/alias.go:32.3,33.23 2 22
github.com/Juniper/jtimon/alias.go:33.23,35.4 1 1
github.com/Juniper/jtimon/alias.go:36.3,36.65 1 21
github.com/Juniper/jtimon/alias.go:38.2,38.26 1 2
github.com/Juniper/jtimon/alias.go:41.46,42.14 1 85063
github.com/Juniper/jtimon/alias.go:42.14,44.3 1 82998
github.com/Juniper/jtimon/alias.go:45.2,46.9 2 2083
github.com/Juniper/jtimon/alias.go:46.9,48.3 1 1871
github.com/Juniper/jtimon/alias.go:49.2,49.13 1 212
github.com/Juniper/jtimon/config.go:108.67,112.2 2 13
github.com/Juniper/jtimon/config.go:115.51,119.2 2 38
github.com/Juniper/jtimon/config.go:121.37,123.25 1 34
github.com/Juniper/jtimon/config.go:123.25,125.3 1 34
github.com/Juniper/jtimon/config.go:126.2,126.39 1 34
github.com/Juniper/jtimon/config.go:126.39,128.3 1 34
github.com/Juniper/jtimon/config.go:129.2,129.34 1 34
github.com/Juniper/jtimon/config.go:129.34,131.3 1 34
github.com/Juniper/jtimon/config.go:132.2,132.36 1 34
github.com/Juniper/jtimon/config.go:132.36,134.3 1 34
github.com/Juniper/jtimon/config.go:135.2,135.45 1 34
github.com/Juniper/jtimon/config.go:135.45,137.3 1 34
github.com/Juniper/jtimon/config.go:141.67,145.16 3 13
github.com/Juniper/jtimon/config.go:145.16,147.3 1 1
github.com/Juniper/jtimon/config.go:149.2,149.59 1 12
github.com/Juniper/jtimon/config.go:149.59,151.3 1 1
github.com/Juniper/jtimon/config.go:153.2,153.28 1 11
github.com/Juniper/jtimon/config.go:157.45,161.16 3 38
github.com/Juniper/jtimon/config.go:161.16,163.3 1 2
github.com/Juniper/jtimon/config.go:164.2,164.51 1 36
github.com/Juniper/jtimon/config.go:164.51,166.3 1 2
github.com/Juniper/jtimon/config.go:168.2,170.50 2 34
github.com/Juniper/jtimon/config.go:170.50,172.3 1 0
github.com/Juniper/jtimon/config.go:174.2,174.20 1 34
github.com/Juniper/jtimon/config.go:178.52,180.16 2 36
github.com/Juniper/jtimon/config.go:180.16,182.3 1 0
github.com/Juniper/jtimon/config.go:183.2,183.23 1 36
github.com/Juniper/jtimon/config.go:188.38,195.59 4 1
github.com/Juniper/jtimon/config.go:195.59,196.67 1 1
github.com/Juniper/jtimon/config.go:196.67,198.4 1 1
github.com/Juniper/jtimon/config.go:200.2,200.76 1 0
github.com/Juniper/jtimon/config.go:204.40,206.2 1 71018
github.com/Juniper/jtimon/config.go:209.66,210.27 1 9
github.com/Juniper/jtimon/config.go:210.27,212.17 2 6
github.com/Juniper/jtimon/config.go:212.17,214.4 1 0
github.com/Juniper/jtimon/config.go:215.3,216.13 2 6
github.com/Juniper/jtimon/config.go:216.13,218.4 1 0
github.com/Juniper/jtimon/config.go:219.3,219.38 1 6
github.com/Juniper/jtimon/config.go:220.8,222.13 2 3
github.com/Juniper/jtimon/config.go:222.13,224.4 1 0
github.com/Juniper/jtimon/config.go:226.2,226.12 1 9
github.com/Juniper/jtimon/config.go:230.64,233.37 2 31
github.com/Juniper/jtimon/config.go:233.37,241.17 7 0
github.com/Juniper/jtimon/config.go:241.17,244.4 2 0
github.com/Juniper/jtimon/config.go:245.3,245.20 1 0
github.com/Juniper/jtimon/config.go:247.2,247.22 1 31
github.com/Juniper/jtimon/config.go:250.52,252.9 2 3
github.com/Juniper/jtimon/config.go:253.28,254.14 1 0
github.com/Juniper/jtimon/config.go:255.28,256.14 1 0
github.com/Juniper/jtimon/config.go:257.28,258.14 1 0
github.com/Juniper/jtimon/config.go:259.36,260.14 1 0
github.com/Juniper/jtimon/config.go:261.26,262.14 1 0
github.com/Juniper/jtimon/config.go:263.30,264.14 1 0
github.com/Juniper/jtimon/config.go:265.26,266.14 1 0
github.com/Juniper/jtimon/config.go:267.28,268.14 1 0
github.com/Juniper/jtimon/config.go:269.54,270.14 1 0
github.com/Juniper/jtimon/config.go:271.34,272.14 1 0
github.com/Juniper/jtimon/config.go:273.36,274.14 1 0
github.com/Juniper/jtimon/config.go:275.64,276.14 1 0
github.com/Juniper/jtimon/config.go:277.42,278.14 1 0
github.com/Juniper/jtimon/config.go:279.54,280.14 1 0
github.com/Juniper/jtimon/config.go:283.2,283.46 1 3
github.com/Juniper/jtimon/config.go:283.46,285.3 1 0
github.com/Juniper/jtimon/config.go:286.2,286.42 1 3
github.com/Juniper/jtimon/config.go:286.42,288.3 1 0
github.com/Juniper/jtimon/config.go:289.2,289.48 1 3
github.com/Juniper/jtimon/config.go:289.48,291.3 1 0
github.com/Juniper/jtimon/config.go:292.2,292.48 1 3
github.com/Juniper/jtimon/config.go:292.48,294.3 1 0
github.com/Juniper/jtimon/config.go:296.2,296.14 1 3
github.com/Juniper/jtimon/config.go:300.73,304.16 2 3
github.com/Juniper/jtimon/config.go:304.16,306.3 1 0
github.com/Juniper/jtimon/config.go:307.2,313.19 4 3
github.com/Juniper/jtimon/config.go:313.19,316.17 3 0
github.com/Juniper/jtimon/config.go:316.17,318.4 1 0
github.com/Juniper/jtimon/config.go:320.3,329.21 10 0
github.com/Juniper/jtimon/config.go:329.21,332.4 2 0
github.com/Juniper/jtimon/config.go:333.8,335.3 1 3
github.com/Juniper/jtimon/config.go:337.2,337.12 1 3
github.com/Juniper/jtimon/config.go:341.61,345.16 3 31
github.com/Juniper/jtimon/config.go:345.16,348.3 2 0
github.com/Juniper/jtimon/config.go:350.2,350.10 1 31
github.com/Juniper/jtimon/config.go:350.10,356.17 6 28
github.com/Juniper/jtimon/config.go:356.17,358.4 1 0
github.com/Juniper/jtimon/config.go:360.3,363.17 3 28
github.com/Juniper/jtimon/config.go:363.17,365.4 1 0
github.com/Juniper/jtimon/config.go:366.3,373.41 5 28
github.com/Juniper/jtimon/config.go:373.41,375.4 1 0
github.com/Juniper/jtimon/config.go:376.8,378.17 2 3
github.com/Juniper/jtimon/config.go:378.17,380.4 1 0
github.com/Juniper/jtimon/config.go:382.2,382.12 1 31
github.com/Juniper/jtimon/config.go:386.50,387.25 1 16
github.com/Juniper/jtimon/config.go:387.25,388.13 1 29
github.com/Juniper/jtimon/config.go:388.13,390.4 1 9
github.com/Juniper/jtimon/config.go:392.2,392.14 1 7
github.com/Juniper/jtimon/defaults.go:25.48,26.27 1 142469
github.com/Juniper/jtimon/defaults.go:27.14,28.43 1 142475
github.com/Juniper/jtimon/defaults.go:29.14,30.35 1 0
github.com/Juniper/jtimon/defaults.go:31.12,32.31 1 0
github.com/Juniper/jtimon/defaults.go:33.13,34.41 1 0
github.com/Juniper/jtimon/defaults.go:35.13,36.34 1 0
github.com/Juniper/jtimon/defaults.go:37.14,38.11 1 2
github.com/Juniper/jtimon/defaults.go:39.15,40.45 1 2
github.com/Juniper/jtimon/defaults.go:41.10,42.47 1 0
github.com/Juniper/jtimon/dialout.go:64.54,71.16 5 0
github.com/Juniper/jtimon/dialout.go:71.16,73.3 1 0
github.com/Juniper/jtimon/dialout.go:74.2,78.16 4 0
github.com/Juniper/jtimon/dialout.go:78.16,80.3 1 0
github.com/Juniper/jtimon/dialout.go:81.2,84.16 3 0
github.com/Juniper/jtimon/dialout.go:84.16,86.3 1 0
github.com/Juniper/jtimon/dialout.go:87.2,105.10 7 0
github.com/Juniper/jtimon/dialout.go:108.77,112.2 2 0
github.com/Juniper/jtimon/dialout.go:114.68,117.17 3 0
github.com/Juniper/jtimon/dialout.go:118.36,119.8 1 0
github.com/Juniper/jtimon/dialout.go:120.10,123.7 3 0
github.com/Juniper/jtimon/dialout.go:123.7,124.21 1 0
github.com/Juniper/jtimon/dialout.go:124.21,126.5 1 0
github.com/Juniper/jtimon/dialout.go:128.4,129.23 2 0
github.com/Juniper/jtimon/dialout.go:129.23,130.10 1 0
github.com/Juniper/jtimon/dialout.go:133.4,133.7 1 0
github.com/Juniper/jtimon/dialout.go:137.2,137.19 1 0
github.com/Juniper/jtimon/dialout.go:140.116,142.9 2 0
github.com/Juniper/jtimon/dialout.go:142.9,146.3 3 0
github.com/Juniper/jtimon/dialout.go:148.2,149.16 2 0
github.com/Juniper/jtimon/dialout.go:149.16,152.3 2 0
github.com/Juniper/jtimon/dialout.go:153.2,157.33 4 0
github.com/Juniper/jtimon/dialout.go:157.33,160.17 3 0
github.com/Juniper/jtimon/dialout.go:160.17,163.4 2 0
github.com/Juniper/jtimon/dialout.go:164.3,164.33 1 0
github.com/Juniper/jtimon/dialout.go:167.2,168.25 2 0
github.com/Juniper/jtimon/dialout.go:171.41,176.2 3 0
github.com/Juniper/jtimon/dialout.go:178.106,183.18 3 0
github.com/Juniper/jtimon/dialout.go:183.18,185.35 2 0
github.com/Juniper/jtimon/dialout.go:185.35,188.4 2 0
github.com/Juniper/jtimon/dialout.go:189.8,191.9 2 0
github.com/Juniper/jtimon/dialout.go:191.9,194.4 2 0
github.com/Juniper/jtimon/dialout.go:196.3,196.20 1 0
github.com/Juniper/jtimon/dialout.go:196.20,198.10 2 0
github.com/Juniper/jtimon/dialout.go:198.10,200.5 1 0
github.com/Juniper/jtimon/dialout.go:204.2,207.16 3 0
github.com/Juniper/jtimon/dialout.go:207.16,210.3 2 0
github.com/Juniper/jtimon/dialout.go:211.2,212.15 2 0
github.com/Juniper/jtimon/dialout.go:212.15,214.3 1 0
github.com/Juniper/jtimon/dialout.go:216.2,219.38 4 0
github.com/Juniper/jtimon/dialout.go:219.38,222.3 2 0
github.com/Juniper/jtimon/dialout.go:222.8,224.24 1 0
github.com/Juniper/jtimon/dialout.go:224.24,227.4 2 0
github.com/Juniper/jtimon/dialout.go:228.3,230.73 3 0
github.com/Juniper/jtimon/dialout.go:233.2,234.19 2 0
github.com/Juniper/jtimon/dialout.go:234.19,237.3 2 0
github.com/Juniper/jtimon/dialout.go:238.2,238.16 1 0
github.com/Juniper/jtimon/dialout.go:238.16,241.3 2 0
github.com/Juniper/jtimon/dialout.go:243.2,243.23 1 0
github.com/Juniper/jtimon/dialout.go:243.23,253.17 5 0
github.com/Juniper/jtimon/dialout.go:253.17,257.4 2 0
github.com/Juniper/jtimon/dialout.go:260.3,260.19 1 0
github.com/Juniper/jtimon/dialout.go:265.2,266.6 2 0
github.com/Juniper/jtimon/dialout.go:266.6,267.10 1 0
github.com/Juniper/jtimon/dialout.go:268.34,273.14 4 0
github.com/Juniper/jtimon/dialout.go:274.54,275.146 1 0
github.com/Juniper/jtimon/dialout.go:276.11,277.25 1 0
github.com/Juniper/jtimon/dialout.go:277.25,280.20 3 0
github.com/Juniper/jtimon/dialout.go:283.4,284.21 2 0
github.com/Juniper/jtimon/dialout.go:284.21,287.5 2 0
github.com/Juniper/jtimon/dialout.go:288.4,288.18 1 0
github.com/Juniper/jtimon/dialout.go:288.18,291.5 2 0
github.com/Juniper/jtimon/dialout.go:294.4,297.27 4 0
github.com/Juniper/jtimon/dialout.go:297.27,298.13 1 0
github.com/Juniper/jtimon/dialout.go:302.4,307.18 6 0
github.com/Juniper/jtimon/dialout.go:307.18,309.13 2 0
github.com/Juniper/jtimon/dialout.go:311.4,311.141 1 0
github.com/Juniper/jtimon/dialout.go:316.117,321.16 4 0
github.com/Juniper/jtimon/dialout.go:321.16,325.3 3 0
github.com/Juniper/jtimon/dialout.go:326.2,329.48 3 0
github.com/Juniper/jtimon/dialout.go:329.48,333.26 2 0
github.com/Juniper/jtimon/dialout.go:333.26,334.12 1 0
github.com/Juniper/jtimon/dialout.go:336.3,339.17 4 0
github.com/Juniper/jtimon/dialout.go:339.17,341.12 2 0
github.com/Juniper/jtimon/dialout.go:344.3,344.27 1 0
github.com/Juniper/jtimon/dialout.go:344.27,345.55 1 0
github.com/Juniper/jtimon/dialout.go:345.55,346.13 1 0
github.com/Juniper/jtimon/dialout.go:348.4,348.30 1 0
github.com/Juniper/jtimon/dialout.go:349.9,351.4 1 0
github.com/Juniper/jtimon/dialout.go:353.3,353.35 1 0
github.com/Juniper/jtimon/dialout.go:353.35,355.4 1 0
github.com/Juniper/jtimon/dialout.go:356.3,357.18 2 0
github.com/Juniper/jtimon/dialout.go:358.37,362.55 4 0
github.com/Juniper/jtimon/dialout.go:362.55,364.19 2 0
github.com/Juniper/jtimon/dialout.go:364.19,368.6 3 0
github.com/Juniper/jtimon/dialout.go:369.10,372.19 3 0
github.com/Juniper/jtimon/dialout.go:372.19,374.20 2 0
github.com/Juniper/jtimon/dialout.go:374.20,378.7 3 0
github.com/Juniper/jtimon/dialout.go:381.4,383.28 3 0
github.com/Juniper/jtimon/dialout.go:384.11,386.22 2 0
github.com/Juniper/jtimon/dialout.go:390.2,390.12 1 0
github.com/Juniper/jtimon/dialout.go:393.62,398.6 4 0
github.com/Juniper/jtimon/dialout.go:398.6,400.17 2 0
github.com/Juniper/jtimon/dialout.go:400.17,403.12 3 0
github.com/Juniper/jtimon/dialout.go:405.3,405.32 1 0
github.com/Juniper/jtimon/dialout.go:405.32,407.18 2 0
github.com/Juniper/jtimon/dialout.go:407.18,409.13 2 0
github.com/Juniper/jtimon/dialout.go:412.4,412.30 1 0
github.com/Juniper/jtimon/dialout.go:412.30,414.5 1 0
github.com/Juniper/jtimon/dialout.go:414.10,416.5 1 0
github.com/Juniper/jtimon/dialout.go:421.50,425.16 3 0
github.com/Juniper/jtimon/dialout.go:425.16,427.3 1 0
github.com/Juniper/jtimon/dialout.go:430.2,430.18 1 0
github.com/Juniper/jtimon/dialout.go:430.18,431.20 1 0
github.com/Juniper/jtimon/dialout.go:431.20,433.4 1 0
github.com/Juniper/jtimon/dialout.go:434.3,435.17 2 0
github.com/Juniper/jtimon/dialout.go:435.17,437.4 1 0
github.com/Juniper/jtimon/dialout.go:439.3,439.19 1 0
github.com/Juniper/jtimon/dialout.go:439.19,441.4 1 0
github.com/Juniper/jtimon/dialout.go:442.3,443.17 2 0
github.com/Juniper/jtimon/dialout.go:443.17,445.4 1 0
github.com/Juniper/jtimon/dialout.go:447.3,448.17 2 0
github.com/Juniper/jtimon/dialout.go:448.17,450.4 1 0
github.com/Juniper/jtimon/dialout.go:452.3,454.17 3 0
github.com/Juniper/jtimon/dialout.go:454.17,456.4 1 0
github.com/Juniper/jtimon/dialout.go:458.3,458.49 1 0
github.com/Juniper/jtimon/dialout.go:458.49,460.4 1 0
github.com/Juniper/jtimon/dialout.go:462.3,466.5 1 0
github.com/Juniper/jtimon/dialout.go:469.2,472.23 4 0
github.com/Juniper/jtimon/gnmi_utils.go:84.67,96.35 6 25
github.com/Juniper/jtimon/gnmi_utils.go:96.35,103.36 3 19
github.com/Juniper/jtimon/gnmi_utils.go:103.36,113.10 4 25
github.com/Juniper/jtimon/gnmi_utils.go:116.5,116.26 1 25
github.com/Juniper/jtimon/gnmi_utils.go:120.56,123.31 3 6
github.com/Juniper/jtimon/gnmi_utils.go:123.31,124.14 1 18
github.com/Juniper/jtimon/gnmi_utils.go:124.14,125.12 1 0
github.com/Juniper/jtimon/gnmi_utils.go:128.3,129.19 2 18
github.com/Juniper/jtimon/gnmi_utils.go:129.19,131.4 1 10
github.com/Juniper/jtimon/gnmi_utils.go:131.9,133.4 1 8
github.com/Juniper/jtimon/gnmi_utils.go:158.2,158.26 1 6
github.com/Juniper/jtimon/gnmi_utils.go:158.26,161.3 2 0
github.com/Juniper/jtimon/gnmi_utils.go:163.2,163.20 1 6
github.com/Juniper/jtimon/gnmi_utils.go:166.52,167.16 1 3
github.com/Juniper/jtimon/gnmi_utils.go:168.19,169.41 1 1
github.com/Juniper/jtimon/gnmi_utils.go:170.24,171.46 1 1
github.com/Juniper/jtimon/gnmi_utils.go:172.10,173.38 1 1
github.com/Juniper/jtimon/gnmi_utils.go:178.90,179.64 1 5
github.com/Juniper/jtimon/gnmi_utils.go:179.64,181.3 1 2
github.com/Juniper/jtimon/gnmi_utils.go:183.2,185.38 2 3
github.com/Juniper/jtimon/gnmi_utils.go:185.38,187.3 1 2
github.com/Juniper/jtimon/gnmi_utils.go:189.2,189.19 1 3
github.com/Juniper/jtimon/gnmi_utils.go:199.159,212.22 2 20
github.com/Juniper/jtimon/gnmi_utils.go:212.22,214.18 1 15
github.com/Juniper/jtimon/gnmi_utils.go:214.18,216.24 2 9
github.com/Juniper/jtimon/gnmi_utils.go:216.24,218.5 1 1
github.com/Juniper/jtimon/gnmi_utils.go:221.3,221.85 1 15
github.com/Juniper/jtimon/gnmi_utils.go:224.2,224.33 1 20
github.com/Juniper/jtimon/gnmi_utils.go:224.33,228.18 3 40
github.com/Juniper/jtimon/gnmi_utils.go:228.18,229.12 1 0
github.com/Juniper/jtimon/gnmi_utils.go:232.3,235.31 2 40
github.com/Juniper/jtimon/gnmi_utils.go:235.31,237.18 2 36
github.com/Juniper/jtimon/gnmi_utils.go:237.18,239.5 1 0
github.com/Juniper/jtimon/gnmi_utils.go:240.9,241.64 1 4
github.com/Juniper/jtimon/gnmi_utils.go:241.64,244.5 2 4
github.com/Juniper/jtimon/gnmi_utils.go:244.10,244.74 1 0
github.com/Juniper/jtimon/gnmi_utils.go:244.74,247.5 2 0
github.com/Juniper/jtimon/gnmi_utils.go:249.4,249.22 1 4
github.com/Juniper/jtimon/gnmi_utils.go:249.22,251.5 1 4
github.com/Juniper/jtimon/gnmi_utils.go:255.2,259.25 5 20
github.com/Juniper/jtimon/gnmi_utils.go:268.140,277.22 2 6
github.com/Juniper/jtimon/gnmi_utils.go:277.22,279.18 1 2
github.com/Juniper/jtimon/gnmi_utils.go:279.18,281.24 2 1
github.com/Juniper/jtimon/gnmi_utils.go:281.24,283.5 1 1
github.com/Juniper/jtimon/gnmi_utils.go:286.3,286.85 1 2
github.com/Juniper/jtimon/gnmi_utils.go:289.2,289.33 1 6
github.com/Juniper/jtimon/gnmi_utils.go:289.33,292.3 2 6
github.com/Juniper/jtimon/gnmi_utils.go:294.2,297.25 4 6
github.com/Juniper/jtimon/gnmi_utils.go:308.165,313.25 2 63
github.com/Juniper/jtimon/gnmi_utils.go:313.25,317.33 4 163
github.com/Juniper/jtimon/gnmi_utils.go:317.33,319.4 1 44
github.com/Juniper/jtimon/gnmi_utils.go:321.3,321.101 1 163
github.com/Juniper/jtimon/gnmi_utils.go:321.101,322.45 1 4
github.com/Juniper/jtimon/gnmi_utils.go:322.45,323.21 1 8
github.com/Juniper/jtimon/gnmi_utils.go:323.21,325.6 1 4
github.com/Juniper/jtimon/gnmi_utils.go:330.2,330.39 1 63
github.com/Juniper/jtimon/gnmi_utils.go:334.96,340.37 2 43
github.com/Juniper/jtimon/gnmi_utils.go:341.34,342.35 1 11
github.com/Juniper/jtimon/gnmi_utils.go:343.31,344.32 1 9
github.com/Juniper/jtimon/gnmi_utils.go:345.32,346.17 1 2
github.com/Juniper/jtimon/gnmi_utils.go:346.17,348.4 1 1
github.com/Juniper/jtimon/gnmi_utils.go:348.9,348.17 1 1
github.com/Juniper/jtimon/gnmi_utils.go:348.17,350.4 1 1
github.com/Juniper/jtimon/gnmi_utils.go:350.9,352.4 1 0
github.com/Juniper/jtimon/gnmi_utils.go:353.36,354.39 1 0
github.com/Juniper/jtimon/gnmi_utils.go:355.32,356.35 1 8
github.com/Juniper/jtimon/gnmi_utils.go:357.35,358.36 1 0
github.com/Juniper/jtimon/gnmi_utils.go:359.32,360.33 1 0
github.com/Juniper/jtimon/gnmi_utils.go:361.33,362.34 1 0
github.com/Juniper/jtimon/gnmi_utils.go:363.33,364.34 1 0
github.com/Juniper/jtimon/gnmi_utils.go:365.31,366.32 1 4
github.com/Juniper/jtimon/gnmi_utils.go:367.34,368.35 1 2
github.com/Juniper/jtimon/gnmi_utils.go:369.35,374.19 5 2
github.com/Juniper/jtimon/gnmi_utils.go:375.33,379.19 4 4
github.com/Juniper/jtimon/gnmi_utils.go:380.36,391.28 3 1
github.com/Juniper/jtimon/gnmi_utils.go:391.28,393.24 2 3
github.com/Juniper/jtimon/gnmi_utils.go:394.15,396.20 2 3
github.com/Juniper/jtimon/gnmi_utils.go:397.17,402.22 5 0
github.com/Juniper/jtimon/gnmi_utils.go:403.14,405.21 2 0
github.com/Juniper/jtimon/gnmi_utils.go:406.16,408.23 2 0
github.com/Juniper/jtimon/gnmi_utils.go:409.16,411.21 2 0
github.com/Juniper/jtimon/gnmi_utils.go:414.10,415.35 1 0
github.com/Juniper/jtimon/gnmi_utils.go:418.2,418.20 1 43
github.com/Juniper/jtimon/gnmi_utils.go:418.20,422.17 4 8
github.com/Juniper/jtimon/gnmi_utils.go:422.17,425.4 2 0
github.com/Juniper/jtimon/gnmi_utils.go:427.3,434.17 4 8
github.com/Juniper/jtimon/gnmi_utils.go:434.17,437.4 2 0
github.com/Juniper/jtimon/gnmi_utils.go:439.3,439.30 1 8
github.com/Juniper/jtimon/gnmi_utils.go:440.20,442.50 2 3
github.com/Juniper/jtimon/gnmi_utils.go:442.50,444.5 1 1
github.com/Juniper/jtimon/gnmi_utils.go:444.10,446.5 1 2
github.com/Juniper/jtimon/gnmi_utils.go:448.4,448.18 1 3
github.com/Juniper/jtimon/gnmi_utils.go:448.18,451.5 2 0
github.com/Juniper/jtimon/gnmi_utils.go:453.21,454.24 1 5
github.com/Juniper/jtimon/gnmi_utils.go:455.11,457.34 2 0
github.com/Juniper/jtimon/gnmi_utils.go:461.2,461.19 1 43
github.com/Juniper/jtimon/gnmi_utils.go:465.130,474.20 2 17
github.com/Juniper/jtimon/gnmi_utils.go:474.20,476.19 2 5
github.com/Juniper/jtimon/gnmi_utils.go:476.19,478.4 1 0
github.com/Juniper/jtimon/gnmi_utils.go:479.8,481.31 2 12
github.com/Juniper/jtimon/gnmi_utils.go:481.31,483.78 2 11
github.com/Juniper/jtimon/gnmi_utils.go:483.78,485.13 2 0
github.com/Juniper/jtimon/gnmi_utils.go:488.4,489.9 2 11
github.com/Juniper/jtimon/gnmi_utils.go:492.3,492.19 1 12
github.com/Juniper/jtimon/gnmi_utils.go:492.19,494.4 1 1
github.com/Juniper/jtimon/gnmi_utils.go:497.2,497.18 1 17
github.com/Juniper/jtimon/gnmi_utils.go:497.18,499.3 1 1
github.com/Juniper/jtimon/gnmi_utils.go:501.2,501.26 1 16
github.com/Juniper/jtimon/gnmi_utils.go:501.26,502.31 1 5
github.com/Juniper/jtimon/gnmi_utils.go:503.29,507.18 4 5
github.com/Juniper/jtimon/gnmi_utils.go:507.18,510.5 2 0
github.com/Juniper/jtimon/gnmi_utils.go:512.4,512.47 1 5
github.com/Juniper/jtimon/gnmi_utils.go:512.47,514.5 1 5
github.com/Juniper/jtimon/gnmi_utils.go:516.4,516.32 1 5
github.com/Juniper/jtimon/gnmi_utils.go:518.8,521.17 3 11
github.com/Juniper/jtimon/gnmi_utils.go:521.17,524.4 2 0
github.com/Juniper/jtimon/gnmi_utils.go:526.3,526.34 1 11
github.com/Juniper/jtimon/gnmi_utils.go:529.2,529.38 1 16
github.com/Juniper/jtimon/grpc.go:14.62,18.30 3 24
github.com/Juniper/jtimon/grpc.go:18.30,20.3 1 24
github.com/Juniper/jtimon/grpc.go:22.2,24.63 3 0
github.com/Juniper/jtimon/grpc.go:24.63,26.3 1 0
github.com/Juniper/jtimon/grpc.go:28.2,28.48 1 0
github.com/Juniper/jtimon/grpc.go:28.48,30.3 1 0
github.com/Juniper/jtimon/grpc.go:32.2,38.59 2 0
github.com/Juniper/jtimon/grpc.go:41.80,44.62 2 24
github.com/Juniper/jtimon/grpc.go:44.62,46.3 1 24
github.com/Juniper/jtimon/grpc.go:46.8,48.3 1 0
github.com/Juniper/jtimon/grpc.go:50.2,50.19 1 24
github.com/Juniper/jtimon/grpc.go:50.19,52.30 2 24
github.com/Juniper/jtimon/grpc.go:52.30,55.4 1 0
github.com/Juniper/jtimon/grpc.go:58.2,58.22 1 24
github.com/Juniper/jtimon/grpc.go:59.14,62.35 3 2
github.com/Juniper/jtimon/grpc.go:63.10,64.35 1 22
github.com/Juniper/jtimon/grpc.go:67.2,71.27 4 24
github.com/Juniper/jtimon/grpc.go:71.27,73.17 2 0
github.com/Juniper/jtimon/grpc.go:73.17,75.4 1 0
github.com/Juniper/jtimon/grpc.go:77.2,77.18 1 24
github.com/Juniper/jtimon/influx.go:57.96,63.2 1 57456
github.com/Juniper/jtimon/influx.go:65.44,66.40 1 57456
github.com/Juniper/jtimon/influx.go:66.40,68.3 1 28728
github.com/Juniper/jtimon/influx.go:71.35,80.12 7 4
github.com/Juniper/jtimon/influx.go:80.12,81.22 1 4
github.com/Juniper/jtimon/influx.go:81.22,83.14 2 275
github.com/Juniper/jtimon/influx.go:83.14,87.28 4 4
github.com/Juniper/jtimon/influx.go:87.28,91.92 2 28728
github.com/Juniper/jtimon/influx.go:91.92,93.15 2 0
github.com/Juniper/jtimon/influx.go:94.12,96.21 2 28728
github.com/Juniper/jtimon/influx.go:96.21,98.16 2 0
github.com/Juniper/jtimon/influx.go:102.6,102.26 1 28728
github.com/Juniper/jtimon/influx.go:102.26,104.47 2 4
github.com/Juniper/jtimon/influx.go:104.47,106.8 1 4
github.com/Juniper/jtimon/influx.go:106.13,108.8 1 0
github.com/Juniper/jtimon/influx.go:110.7,112.21 3 4
github.com/Juniper/jtimon/influx.go:112.21,114.16 2 0
github.com/Juniper/jtimon/influx.go:116.7,116.21 1 4
github.com/Juniper/jtimon/influx.go:117.12,121.13 3 28724
github.com/Juniper/jtimon/influx.go:121.13,126.33 1 26215
github.com/Juniper/jtimon/influx.go:126.33,128.36 2 26215
github.com/Juniper/jtimon/influx.go:128.36,130.15 2 45
github.com/Juniper/jtimon/influx.go:134.7,134.28 1 28724
github.com/Juniper/jtimon/influx.go:134.28,138.22 3 26170
github.com/Juniper/jtimon/influx.go:138.22,140.17 2 0
github.com/Juniper/jtimon/influx.go:143.8,143.33 1 26170
github.com/Juniper/jtimon/influx.go:143.33,145.9 1 303230
github.com/Juniper/jtimon/influx.go:146.8,147.22 2 26170
github.com/Juniper/jtimon/influx.go:147.22,149.17 2 0
github.com/Juniper/jtimon/influx.go:151.8,151.22 1 26170
github.com/Juniper/jtimon/influx.go:152.13,157.48 2 2554
github.com/Juniper/jtimon/influx.go:157.48,159.9 1 2554
github.com/Juniper/jtimon/influx.go:159.14,161.9 1 0
github.com/Juniper/jtimon/influx.go:162.8,164.22 3 2554
github.com/Juniper/jtimon/influx.go:164.22,166.17 2 0
github.com/Juniper/jtimon/influx.go:168.8,169.22 2 2554
github.com/Juniper/jtimon/influx.go:174.5,174.24 1 4
github.com/Juniper/jtimon/influx.go:174.24,176.72 1 4
github.com/Juniper/jtimon/influx.go:176.72,178.7 1 4
github.com/Juniper/jtimon/influx.go:181.5,181.24 1 4
github.com/Juniper/jtimon/influx.go:181.24,188.20 2 4
github.com/Juniper/jtimon/influx.go:188.20,191.7 2 0
github.com/Juniper/jtimon/influx.go:193.6,193.31 1 4
github.com/Juniper/jtimon/influx.go:193.31,195.34 2 2558
github.com/Juniper/jtimon/influx.go:195.34,198.35 3 0
github.com/Juniper/jtimon/influx.go:198.35,200.9 1 0
github.com/Juniper/jtimon/influx.go:201.8,202.22 2 0
github.com/Juniper/jtimon/influx.go:202.22,204.9 1 0
github.com/Juniper/jtimon/influx.go:204.14,206.34 2 0
github.com/Juniper/jtimon/influx.go:206.34,208.10 1 0
github.com/Juniper/jtimon/influx.go:212.6,212.69 1 4
github.com/Juniper/jtimon/influx.go:212.69,214.7 1 0
github.com/Juniper/jtimon/influx.go:214.12,216.7 1 4
github.com/Juniper/jtimon/influx.go:224.32,225.40 1 0
github.com/Juniper/jtimon/influx.go:225.40,227.3 1 0
github.com/Juniper/jtimon/influx.go:229.2,238.12 7 0
github.com/Juniper/jtimon/influx.go:238.12,239.22 1 0
github.com/Juniper/jtimon/influx.go:239.22,242.14 3 0
github.com/Juniper/jtimon/influx.go:242.14,244.28 2 0
github.com/Juniper/jtimon/influx.go:244.28,248.6 3 0
github.com/Juniper/jtimon/influx.go:249.5,249.76 1 0
github.com/Juniper/jtimon/influx.go:253.4,253.37 1 0
github.com/Juniper/jtimon/influx.go:253.37,262.19 3 0
github.com/Juniper/jtimon/influx.go:262.19,264.14 2 0
github.com/Juniper/jtimon/influx.go:267.5,267.36 1 0
github.com/Juniper/jtimon/influx.go:267.36,270.38 3 0
github.com/Juniper/jtimon/influx.go:270.38,272.40 2 0
github.com/Juniper/jtimon/influx.go:272.40,274.71 2 0
github.com/Juniper/jtimon/influx.go:274.71,276.9 1 0
github.com/Juniper/jtimon/influx.go:276.14,278.9 1 0
github.com/Juniper/jtimon/influx.go:280.8,284.10 1 0
github.com/Juniper/jtimon/influx.go:288.5,288.29 1 0
github.com/Juniper/jtimon/influx.go:288.29,290.69 2 0
github.com/Juniper/jtimon/influx.go:290.69,292.7 1 0
github.com/Juniper/jtimon/influx.go:292.12,294.7 1 0
github.com/Juniper/jtimon/influx.go:296.6,300.8 1 0
github.com/Juniper/jtimon/influx.go:307.31,308.40 1 4
github.com/Juniper/jtimon/influx.go:308.40,310.3 1 0
github.com/Juniper/jtimon/influx.go:312.2,321.12 7 4
github.com/Juniper/jtimon/influx.go:321.12,322.22 1 4
github.com/Juniper/jtimon/influx.go:322.22,324.14 2 275
github.com/Juniper/jtimon/influx.go:324.14,331.19 2 4
github.com/Juniper/jtimon/influx.go:331.19,334.6 2 0
github.com/Juniper/jtimon/influx.go:336.5,336.28 1 4
github.com/Juniper/jtimon/influx.go:336.28,338.39 2 160
github.com/Juniper/jtimon/influx.go:338.39,340.7 1 160
github.com/Juniper/jtimon/influx.go:343.5,345.68 2 4
github.com/Juniper/jtimon/influx.go:345.68,347.6 1 0
github.com/Juniper/jtimon/influx.go:347.11,349.6 1 4
github.com/Juniper/jtimon/influx.go:357.76,370.19 3 3973
github.com/Juniper/jtimon/influx.go:370.19,371.28 1 3970
github.com/Juniper/jtimon/influx.go:371.28,378.26 3 7367
github.com/Juniper/jtimon/influx.go:378.26,379.40 1 7372
github.com/Juniper/jtimon/influx.go:379.40,385.6 3 7375
github.com/Juniper/jtimon/influx.go:388.4,389.43 2 7369
github.com/Juniper/jtimon/influx.go:393.2,393.22 1 3973
github.com/Juniper/jtimon/influx.go:397.51,399.22 2 11
github.com/Juniper/jtimon/influx.go:399.22,401.3 1 10
github.com/Juniper/jtimon/influx.go:402.2,402.11 1 1
github.com/Juniper/jtimon/influx.go:405.61,406.34 1 160
github.com/Juniper/jtimon/influx.go:406.34,408.3 1 160
github.com/Juniper/jtimon/influx.go:410.2,410.19 1 0
github.com/Juniper/jtimon/influx.go:410.19,413.3 2 0
github.com/Juniper/jtimon/influx.go:414.2,414.11 1 0
github.com/Juniper/jtimon/influx.go:422.82,427.2 1 160
github.com/Juniper/jtimon/influx.go:430.72,444.30 11 1424
github.com/Juniper/jtimon/influx.go:444.30,447.10 2 71823
github.com/Juniper/jtimon/influx.go:448.30,451.12 3 2026
github.com/Juniper/jtimon/influx.go:452.39,453.12 1 45
github.com/Juniper/jtimon/influx.go:456.3,457.20 2 69187
github.com/Juniper/jtimon/influx.go:457.20,458.34 1 69402
github.com/Juniper/jtimon/influx.go:458.34,461.5 2 0
github.com/Juniper/jtimon/influx.go:461.10,465.5 3 70431
github.com/Juniper/jtimon/influx.go:466.9,468.4 1 0
github.com/Juniper/jtimon/influx.go:470.3,470.18 1 70074
github.com/Juniper/jtimon/influx.go:470.18,471.12 1 0
github.com/Juniper/jtimon/influx.go:474.3,479.25 5 70068
github.com/Juniper/jtimon/influx.go:480.33,481.33 1 6310
github.com/Juniper/jtimon/influx.go:482.36,486.26 4 0
github.com/Juniper/jtimon/influx.go:487.33,488.42 1 9
github.com/Juniper/jtimon/influx.go:489.34,490.37 1 65044
github.com/Juniper/jtimon/influx.go:490.37,492.5 1 1044
github.com/Juniper/jtimon/influx.go:492.10,494.5 1 64010
github.com/Juniper/jtimon/influx.go:495.34,496.43 1 0
github.com/Juniper/jtimon/influx.go:497.34,498.34 1 651
github.com/Juniper/jtimon/influx.go:499.35,500.35 1 0
github.com/Juniper/jtimon/influx.go:501.35,505.26 4 0
github.com/Juniper/jtimon/influx.go:506.11,506.11 0 0
github.com/Juniper/jtimon/influx.go:509.3,509.19 1 70303
github.com/Juniper/jtimon/influx.go:509.19,511.4 1 0
github.com/Juniper/jtimon/influx.go:512.3,512.19 1 70324
github.com/Juniper/jtimon/influx.go:512.19,514.4 1 69828
github.com/Juniper/jtimon/influx.go:516.3,516.41 1 70004
github.com/Juniper/jtimon/influx.go:516.41,517.12 1 61777
github.com/Juniper/jtimon/influx.go:520.3,520.19 1 7760
github.com/Juniper/jtimon/influx.go:520.19,521.22 1 7760
github.com/Juniper/jtimon/influx.go:521.22,524.11 3 7600
github.com/Juniper/jtimon/influx.go:524.11,526.27 1 7600
github.com/Juniper/jtimon/influx.go:526.27,528.7 1 7600
github.com/Juniper/jtimon/influx.go:529.11,533.20 3 0
github.com/Juniper/jtimon/influx.go:533.20,535.15 2 0
github.com/Juniper/jtimon/influx.go:537.6,537.29 1 0
github.com/Juniper/jtimon/influx.go:539.10,543.19 3 160
github.com/Juniper/jtimon/influx.go:543.19,545.14 2 0
github.com/Juniper/jtimon/influx.go:547.5,547.28 1 160
github.com/Juniper/jtimon/influx.go:551.2,551.19 1 1424
github.com/Juniper/jtimon/influx.go:551.19,552.28 1 160
github.com/Juniper/jtimon/influx.go:552.28,554.18 2 160
github.com/Juniper/jtimon/influx.go:554.18,556.13 2 0
github.com/Juniper/jtimon/influx.go:558.4,558.31 1 160
github.com/Juniper/jtimon/influx.go:562.2,562.21 1 1424
github.com/Juniper/jtimon/influx.go:562.21,563.45 1 160
github.com/Juniper/jtimon/influx.go:563.45,568.4 1 0
github.com/Juniper/jtimon/influx.go:568.9,570.4 1 160
github.com/Juniper/jtimon/influx.go:572.3,572.29 1 160
github.com/Juniper/jtimon/influx.go:572.29,574.37 2 0
github.com/Juniper/jtimon/influx.go:574.37,576.49 2 0
github.com/Juniper/jtimon/influx.go:576.49,578.6 1 0
github.com/Juniper/jtimon/influx.go:584.76,585.29 1 56
github.com/Juniper/jtimon/influx.go:585.29,587.3 1 48
github.com/Juniper/jtimon/influx.go:590.2,591.16 2 8
github.com/Juniper/jtimon/influx.go:591.16,594.3 2 0
github.com/Juniper/jtimon/influx.go:595.2,603.16 3 8
github.com/Juniper/jtimon/influx.go:603.16,605.3 1 0
github.com/Juniper/jtimon/influx.go:606.2,606.11 1 8
github.com/Juniper/jtimon/influx.go:609.91,614.48 2 4
github.com/Juniper/jtimon/influx.go:614.48,615.30 1 4
github.com/Juniper/jtimon/influx.go:615.30,617.4 1 0
github.com/Juniper/jtimon/influx.go:618.3,618.25 1 4
github.com/Juniper/jtimon/influx.go:619.8,621.3 1 0
github.com/Juniper/jtimon/influx.go:622.2,622.17 1 4
github.com/Juniper/jtimon/influx.go:625.44,627.2 1 4
github.com/Juniper/jtimon/influx.go:629.29,635.41 4 28
github.com/Juniper/jtimon/influx.go:635.41,636.26 1 4
github.com/Juniper/jtimon/influx.go:636.26,638.18 2 0
github.com/Juniper/jtimon/influx.go:638.18,640.5 1 0
github.com/Juniper/jtimon/influx.go:642.3,643.17 2 4
github.com/Juniper/jtimon/influx.go:643.17,645.4 1 0
github.com/Juniper/jtimon/influx.go:648.2,652.41 5 28
github.com/Juniper/jtimon/influx.go:652.41,653.37 1 4
github.com/Juniper/jtimon/influx.go:653.37,655.4 1 0
github.com/Juniper/jtimon/influx.go:655.9,657.4 1 4
github.com/Juniper/jtimon/influx.go:658.3,659.57 2 4
github.com/Juniper/jtimon/influx.go:662.2,662.14 1 28
github.com/Juniper/jtimon/influx.go:662.14,664.3 1 4
github.com/Juniper/jtimon/influx.go:667.79,668.18 1 16
github.com/Juniper/jtimon/influx.go:668.18,670.29 2 7
github.com/Juniper/jtimon/influx.go:670.29,672.4 1 0
github.com/Juniper/jtimon/influx.go:672.9,672.37 1 7
github.com/Juniper/jtimon/influx.go:672.37,674.4 1 0
github.com/Juniper/jtimon/influx.go:675.3,675.9 1 7
github.com/Juniper/jtimon/influx.go:678.2,678.18 1 9
github.com/Juniper/jtimon/influx.go:678.18,681.3 2 0
github.com/Juniper/jtimon/influx.go:683.2,683.27 1 9
github.com/Juniper/jtimon/influx.go:683.27,685.3 1 0
github.com/Juniper/jtimon/influx.go:685.8,685.35 1 9
github.com/Juniper/jtimon/influx.go:685.35,687.3 1 0
github.com/Juniper/jtimon/influx.go:687.8,689.3 1 9
github.com/Juniper/jtimon/influx.go:691.2,691.8 1 9
github.com/Juniper/jtimon/internal_jtimon.go:23.40,24.46 1 28
github.com/Juniper/jtimon/internal_jtimon.go:24.46,26.3 1 28
github.com/Juniper/jtimon/internal_jtimon.go:27.2,32.16 4 0
github.com/Juniper/jtimon/internal_jtimon.go:32.16,34.3 1 0
github.com/Juniper/jtimon/internal_jtimon.go:36.2,36.16 1 0
github.com/Juniper/jtimon/internal_jtimon.go:36.16,44.3 4 0
github.com/Juniper/jtimon/internal_jtimon.go:47.2,49.16 3 0
github.com/Juniper/jtimon/internal_jtimon.go:49.16,51.3 1 0
github.com/Juniper/jtimon/internal_jtimon.go:53.2,53.23 1 0
github.com/Juniper/jtimon/internal_jtimon.go:53.23,61.3 4 0
github.com/Juniper/jtimon/internal_jtimon.go:64.40,65.43 1 22
github.com/Juniper/jtimon/internal_jtimon.go:65.43,69.3 3 0
github.com/Juniper/jtimon/internal_jtimon.go:70.2,70.50 1 22
github.com/Juniper/jtimon/internal_jtimon.go:70.50,74.3 3 0
github.com/Juniper/jtimon/internal_jtimon.go:77.47,79.2 1 70818
github.com/Juniper/jtimon/internal_jtimon.go:81.104,82.46 1 0
github.com/Juniper/jtimon/internal_jtimon.go:82.46,84.3 1 0
github.com/Juniper/jtimon/internal_jtimon.go:92.2,100.16 4 0
github.com/Juniper/jtimon/internal_jtimon.go:100.16,103.3 2 0
github.com/Juniper/jtimon/internal_jtimon.go:104.2,105.16 2 0
github.com/Juniper/jtimon/internal_jtimon.go:105.16,108.3 2 0
github.com/Juniper/jtimon/internal_jtimon.go:110.2,120.35 2 0
github.com/Juniper/jtimon/internal_jtimon.go:120.35,121.34 1 0
github.com/Juniper/jtimon/internal_jtimon.go:121.34,123.36 2 0
github.com/Juniper/jtimon/internal_jtimon.go:123.36,126.13 2 0
github.com/Juniper/jtimon/internal_jtimon.go:128.4,128.43 1 0
github.com/Juniper/jtimon/internal_jtimon.go:132.2,133.18 2 0
github.com/Juniper/jtimon/internal_jtimon.go:133.18,136.35 2 0
github.com/Juniper/jtimon/internal_jtimon.go:136.35,138.24 2 0
github.com/Juniper/jtimon/internal_jtimon.go:138.24,140.5 1 0
github.com/Juniper/jtimon/internal_jtimon.go:143.3,144.20 2 0
github.com/Juniper/jtimon/internal_jtimon.go:144.20,145.40 1 0
github.com/Juniper/jtimon/internal_jtimon.go:145.40,149.35 4 0
github.com/Juniper/jtimon/internal_jtimon.go:149.35,150.16 1 0
github.com/Juniper/jtimon/internal_jtimon.go:150.16,152.7 1 0
github.com/Juniper/jtimon/internal_jtimon.go:152.12,155.7 2 0
github.com/Juniper/jtimon/internal_jtimon.go:157.5,157.15 1 0
github.com/Juniper/jtimon/internal_jtimon.go:157.15,159.6 1 0
github.com/Juniper/jtimon/internal_jtimon.go:163.3,167.34 2 0
github.com/Juniper/jtimon/internal_jtimon.go:167.34,172.34 5 0
github.com/Juniper/jtimon/internal_jtimon.go:172.34,175.5 2 0
github.com/Juniper/jtimon/internal_jtimon.go:178.4,180.23 3 0
github.com/Juniper/jtimon/internal_jtimon.go:180.23,184.5 3 0
github.com/Juniper/jtimon/internal_jtimon.go:186.4,186.29 1 0
github.com/Juniper/jtimon/internal_jtimon.go:188.3,188.26 1 0
github.com/Juniper/jtimon/internal_jtimon.go:190.2,190.45 1 0
github.com/Juniper/jtimon/internal_jtimon.go:193.95,194.46 1 0
github.com/Juniper/jtimon/internal_jtimon.go:194.46,196.3 1 0
github.com/Juniper/jtimon/internal_jtimon.go:199.2,199.66 1 0
github.com/Juniper/jtimon/kafka-publish.go:36.41,39.21 2 0
github.com/Juniper/jtimon/kafka-publish.go:39.21,41.17 2 0
github.com/Juniper/jtimon/kafka-publish.go:41.17,43.4 1 0
github.com/Juniper/jtimon/kafka-publish.go:44.3,44.22 1 0
github.com/Juniper/jtimon/kafka-publish.go:47.2,47.22 1 0
github.com/Juniper/jtimon/kafka-publish.go:47.22,49.3 1 0
github.com/Juniper/jtimon/kafka-publish.go:49.8,51.3 1 0
github.com/Juniper/jtimon/kafka-publish.go:53.2,58.27 5 0
github.com/Juniper/jtimon/kafka-publish.go:58.27,60.3 1 0
github.com/Juniper/jtimon/kafka-publish.go:62.2,62.21 1 0
github.com/Juniper/jtimon/kafka-publish.go:62.21,68.20 2 0
github.com/Juniper/jtimon/kafka-publish.go:68.20,70.18 2 0
github.com/Juniper/jtimon/kafka-publish.go:70.18,72.5 1 0
github.com/Juniper/jtimon/kafka-publish.go:73.4,73.28 1 0
github.com/Juniper/jtimon/kafka-publish.go:76.3,76.40 1 0
github.com/Juniper/jtimon/kafka-publish.go:76.40,78.18 2 0
github.com/Juniper/jtimon/kafka-publish.go:78.18,80.5 1 0
github.com/Juniper/jtimon/kafka-publish.go:83.3,83.23 1 0
github.com/Juniper/jtimon/kafka-publish.go:83.23,86.4 2 0
github.com/Juniper/jtimon/kafka-publish.go:89.2,89.42 1 0
github.com/Juniper/jtimon/kafka-publish.go:89.42,93.3 3 0
github.com/Juniper/jtimon/kafka-publish.go:95.2,96.16 2 0
github.com/Juniper/jtimon/kafka-publish.go:96.16,98.3 1 0
github.com/Juniper/jtimon/kafka-publish.go:100.2,101.12 2 0
github.com/Juniper/jtimon/kafka-publish.go:105.34,107.22 2 28
github.com/Juniper/jtimon/kafka-publish.go:107.22,108.16 1 28
github.com/Juniper/jtimon/kafka-publish.go:108.16,110.4 1 28
github.com/Juniper/jtimon/kafka-publish.go:112.3,113.55 2 0
github.com/Juniper/jtimon/kafka-publish.go:116.2,116.48 1 0
github.com/Juniper/jtimon/kafka-publish.go:116.48,118.3 1 0
github.com/Juniper/jtimon/kafka-publish.go:120.2,120.12 1 0
github.com/Juniper/jtimon/kafka-publish.go:123.74,124.67 1 1407
github.com/Juniper/jtimon/kafka-publish.go:124.67,126.3 1 1407
github.com/Juniper/jtimon/kafka-publish.go:128.2,129.16 2 0
github.com/Juniper/jtimon/kafka-publish.go:129.16,131.3 1 0
github.com/Juniper/jtimon/kafka-publish.go:133.2,134.35 2 0
github.com/Juniper/jtimon/kafka-publish.go:134.35,136.3 1 0
github.com/Juniper/jtimon/kafka-publish.go:137.2,142.47 3 0
github.com/Juniper/jtimon/kafka-publish.go:142.47,144.3 1 0
github.com/Juniper/jtimon/kafka-publish.go:147.62,149.37 2 0
github.com/Juniper/jtimon/kafka-publish.go:149.37,151.17 2 0
github.com/Juniper/jtimon/kafka-publish.go:151.17,154.4 1 0
github.com/Juniper/jtimon/kafka-publish.go:155.3,156.10 2 0
github.com/Juniper/jtimon/kafka-publish.go:156.10,159.4 1 0
github.com/Juniper/jtimon/kafka-publish.go:161.2,161.18 1 0
github.com/Juniper/jtimon/kafka-publish.go:164.67,166.16 2 0
github.com/Juniper/jtimon/kafka-publish.go:166.16,169.3 1 0
github.com/Juniper/jtimon/kafka-publish.go:171.2,173.12 3 0
github.com/Juniper/jtimon/kafka_consumer.go:16.67,21.16 4 0
github.com/Juniper/jtimon/kafka_consumer.go:21.16,24.3 2 0
github.com/Juniper/jtimon/kafka_consumer.go:26.2,27.16 2 0
github.com/Juniper/jtimon/kafka_consumer.go:27.16,30.3 2 0
github.com/Juniper/jtimon/kafka_consumer.go:32.2,36.12 3 0
github.com/Juniper/jtimon/kafka_consumer.go:36.12,37.7 1 0
github.com/Juniper/jtimon/kafka_consumer.go:37.7,42.81 2 0
github.com/Juniper/jtimon/kafka_consumer.go:42.81,44.5 1 0
github.com/Juniper/jtimon/kafka_consumer.go:46.4,46.24 1 0
github.com/Juniper/jtimon/kafka_consumer.go:46.24,49.5 2 0
github.com/Juniper/jtimon/kafka_consumer.go:53.2,53.12 1 0
github.com/Juniper/jtimon/kafka_consumer.go:61.91,66.2 4 0
github.com/Juniper/jtimon/kafka_consumer.go:68.85,72.2 3 0
github.com/Juniper/jtimon/kafka_consumer.go:74.131,84.36 4 0
github.com/Juniper/jtimon/kafka_consumer.go:84.36,94.10 8 0
github.com/Juniper/jtimon/kafka_consumer.go:94.10,100.4 5 0
github.com/Juniper/jtimon/kafka_consumer.go:100.9,103.4 2 0
github.com/Juniper/jtimon/kafka_consumer.go:105.3,105.43 1 0
github.com/Juniper/jtimon/kafka_consumer.go:105.43,107.81 2 0
github.com/Juniper/jtimon/kafka_consumer.go:107.81,109.13 2 0
github.com/Juniper/jtimon/kafka_consumer.go:114.2,114.12 1 0
github.com/Juniper/jtimon/logs.go:9.35,10.13 1 1762
github.com/Juniper/jtimon/logs.go:10.13,13.3 2 0
github.com/Juniper/jtimon/logs.go:15.2,15.35 1 1748
github.com/Juniper/jtimon/logs.go:15.35,17.3 1 443
github.com/Juniper/jtimon/logs.go:20.26,21.32 1 22
github.com/Juniper/jtimon/logs.go:21.32,22.39 1 22
github.com/Juniper/jtimon/logs.go:22.39,24.4 1 22
github.com/Juniper/jtimon/logs.go:25.3,26.31 2 22
github.com/Juniper/jtimon/logs.go:29.26,30.13 1 28
github.com/Juniper/jtimon/logs.go:30.13,32.3 1 0
github.com/Juniper/jtimon/logs.go:34.2,37.12 3 28
github.com/Juniper/jtimon/logs.go:37.12,39.17 2 0
github.com/Juniper/jtimon/logs.go:39.17,41.4 1 0
github.com/Juniper/jtimon/logs.go:42.8,42.23 1 28
github.com/Juniper/jtimon/logs.go:42.23,45.17 3 24
github.com/Juniper/jtimon/logs.go:45.17,47.4 1 0
github.com/Juniper/jtimon/logs.go:50.2,50.16 1 28
github.com/Juniper/jtimon/logs.go:50.16,58.3 4 24
github.com/Juniper/jtimon/main.go:53.13,55.12 2 0
github.com/Juniper/jtimon/main.go:55.12,56.13 1 0
github.com/Juniper/jtimon/main.go:56.13,59.4 2 0
github.com/Juniper/jtimon/main.go:61.2,61.11 1 0
github.com/Juniper/jtimon/main.go:61.11,63.3 1 0
github.com/Juniper/jtimon/main.go:65.2,66.18 2 0
github.com/Juniper/jtimon/main.go:66.18,68.3 1 0
github.com/Juniper/jtimon/main.go:70.2,70.16 1 0
github.com/Juniper/jtimon/main.go:70.16,72.17 2 0
github.com/Juniper/jtimon/main.go:72.17,74.4 1 0
github.com/Juniper/jtimon/main.go:74.9,76.4 1 0
github.com/Juniper/jtimon/main.go:77.3,77.9 1 0
github.com/Juniper/jtimon/main.go:80.2,80.14 1 0
github.com/Juniper/jtimon/main.go:80.14,82.18 1 0
github.com/Juniper/jtimon/main.go:82.18,85.4 1 0
github.com/Juniper/jtimon/main.go:85.9,87.4 1 0
github.com/Juniper/jtimon/main.go:90.2,90.18 1 0
github.com/Juniper/jtimon/main.go:90.18,92.17 2 0
github.com/Juniper/jtimon/main.go:92.17,95.4 2 0
github.com/Juniper/jtimon/main.go:97.3,99.17 3 0
github.com/Juniper/jtimon/main.go:102.2,102.37 1 0
github.com/Juniper/jtimon/multi_vendor.go:18.80,21.13 2 24
github.com/Juniper/jtimon/multi_vendor.go:21.13,23.3 1 0
github.com/Juniper/jtimon/multi_vendor.go:24.2,24.20 1 24
github.com/Juniper/jtimon/multi_vendor.go:24.20,26.3 1 0
github.com/Juniper/jtimon/multi_vendor.go:28.2,28.16 1 24
github.com/Juniper/jtimon/multi_vendor.go:28.16,30.3 1 24
github.com/Juniper/jtimon/multi_vendor.go:31.2,31.33 1 24
github.com/Juniper/jtimon/multi_vendor.go:31.33,32.26 1 48
github.com/Juniper/jtimon/multi_vendor.go:32.26,34.4 1 24
github.com/Juniper/jtimon/multi_vendor.go:36.2,36.81 1 0
github.com/Juniper/jtimon/multi_vendor.go:39.32,47.2 1 1
github.com/Juniper/jtimon/multi_vendor.go:49.30,57.2 1 1
github.com/Juniper/jtimon/multi_vendor.go:59.24,67.2 1 1
github.com/Juniper/jtimon/multi_vendor.go:69.31,77.2 1 1
github.com/Juniper/jtimon/multi_vendor.go:79.108,85.12 3 0
github.com/Juniper/jtimon/multi_vendor.go:85.12,88.3 2 0
github.com/Juniper/jtimon/multi_vendor.go:90.2,90.12 1 0
github.com/Juniper/jtimon/multi_vendor.go:90.12,93.3 2 0
github.com/Juniper/jtimon/multi_vendor.go:96.2,96.9 1 0
github.com/Juniper/jtimon/multi_vendor.go:97.32,99.16 1 0
github.com/Juniper/jtimon/multi_vendor.go:100.33,102.16 1 0
github.com/Juniper/jtimon/multi_vendor.go:106.48,108.33 2 0
github.com/Juniper/jtimon/multi_vendor.go:108.33,109.58 1 0
github.com/Juniper/jtimon/multi_vendor.go:109.58,111.4 1 0
github.com/Juniper/jtimon/multi_vendor.go:113.2,113.14 1 0
github.com/Juniper/jtimon/multi_vendor.go:116.51,118.33 2 0
github.com/Juniper/jtimon/multi_vendor.go:118.33,119.58 1 0
github.com/Juniper/jtimon/multi_vendor.go:119.58,121.4 1 0
github.com/Juniper/jtimon/multi_vendor.go:123.2,123.14 1 0
github.com/Juniper/jtimon/prometheus_exporter.go:22.36,24.2 1 7680
github.com/Juniper/jtimon/prometheus_exporter.go:29.40,31.21 2 126
github.com/Juniper/jtimon/prometheus_exporter.go:31.21,33.3 1 122
github.com/Juniper/jtimon/prometheus_exporter.go:34.2,34.14 1 126
github.com/Juniper/jtimon/prometheus_exporter.go:51.44,56.2 1 1
github.com/Juniper/jtimon/prometheus_exporter.go:58.49,60.6 2 1
github.com/Juniper/jtimon/prometheus_exporter.go:60.6,61.10 1 1932
github.com/Juniper/jtimon/prometheus_exporter.go:62.20,65.17 3 1930
github.com/Juniper/jtimon/prometheus_exporter.go:67.17,70.31 3 1
github.com/Juniper/jtimon/prometheus_exporter.go:70.31,71.48 1 1930
github.com/Juniper/jtimon/prometheus_exporter.go:71.48,73.6 1 0
github.com/Juniper/jtimon/prometheus_exporter.go:75.4,75.17 1 1
github.com/Juniper/jtimon/prometheus_exporter.go:81.64,84.29 3 1
github.com/Juniper/jtimon/prometheus_exporter.go:84.29,86.3 1 1930
github.com/Juniper/jtimon/prometheus_exporter.go:87.2,89.33 2 1
github.com/Juniper/jtimon/prometheus_exporter.go:89.33,95.3 1 1930
github.com/Juniper/jtimon/prometheus_exporter.go:99.64,101.2 1 1
github.com/Juniper/jtimon/prometheus_exporter.go:103.45,106.37 2 1938
github.com/Juniper/jtimon/prometheus_exporter.go:106.37,108.3 1 5760
github.com/Juniper/jtimon/prometheus_exporter.go:110.2,115.27 4 1938
github.com/Juniper/jtimon/prometheus_exporter.go:115.27,117.3 1 5760
github.com/Juniper/jtimon/prometheus_exporter.go:119.2,119.34 1 1938
github.com/Juniper/jtimon/prometheus_exporter.go:122.62,128.30 4 40
github.com/Juniper/jtimon/prometheus_exporter.go:128.30,129.10 1 1980
github.com/Juniper/jtimon/prometheus_exporter.go:130.30,132.12 2 40
github.com/Juniper/jtimon/prometheus_exporter.go:133.39,134.12 1 0
github.com/Juniper/jtimon/prometheus_exporter.go:137.3,138.35 2 1940
github.com/Juniper/jtimon/prometheus_exporter.go:138.35,140.4 1 1940
github.com/Juniper/jtimon/prometheus_exporter.go:142.3,147.25 4 1940
github.com/Juniper/jtimon/prometheus_exporter.go:148.36,149.35 1 0
github.com/Juniper/jtimon/prometheus_exporter.go:150.33,151.41 1 0
github.com/Juniper/jtimon/prometheus_exporter.go:152.34,153.42 1 1820
github.com/Juniper/jtimon/prometheus_exporter.go:154.34,155.42 1 0
github.com/Juniper/jtimon/prometheus_exporter.go:156.34,158.17 2 0
github.com/Juniper/jtimon/prometheus_exporter.go:158.17,160.5 1 0
github.com/Juniper/jtimon/prometheus_exporter.go:160.10,162.5 1 0
github.com/Juniper/jtimon/prometheus_exporter.go:163.33,166.35 2 120
github.com/Juniper/jtimon/prometheus_exporter.go:166.35,168.5 1 110
github.com/Juniper/jtimon/prometheus_exporter.go:168.10,169.13 1 10
github.com/Juniper/jtimon/prometheus_exporter.go:171.4,171.18 1 110
github.com/Juniper/jtimon/prometheus_exporter.go:172.38,175.27 3 0
github.com/Juniper/jtimon/prometheus_exporter.go:175.27,176.30 1 0
github.com/Juniper/jtimon/prometheus_exporter.go:177.45,179.52 2 0
github.com/Juniper/jtimon/prometheus_exporter.go:182.4,182.26 1 0
github.com/Juniper/jtimon/prometheus_exporter.go:182.26,184.5 1 0
github.com/Juniper/jtimon/prometheus_exporter.go:186.4,187.18 2 0
github.com/Juniper/jtimon/prometheus_exporter.go:188.11,189.12 1 0
github.com/Juniper/jtimon/prometheus_exporter.go:192.3,198.26 2 1930
github.com/Juniper/jtimon/prometheus_exporter.go:198.26,200.4 1 5710
github.com/Juniper/jtimon/prometheus_exporter.go:202.3,203.24 2 1930
github.com/Juniper/jtimon/prometheus_exporter.go:207.34,212.12 3 1
github.com/Juniper/jtimon/prometheus_exporter.go:212.12,218.3 4 1
github.com/Juniper/jtimon/prometheus_exporter.go:220.2,220.10 1 1
github.com/Juniper/jtimon/statshandler.go:53.94,55.2 1 21
github.com/Juniper/jtimon/statshandler.go:57.92,59.2 1 23
github.com/Juniper/jtimon/statshandler.go:61.75,62.18 1 41
github.com/Juniper/jtimon/statshandler.go:63.24,63.24 0 21
github.com/Juniper/jtimon/statshandler.go:64.22,64.22 0 21
github.com/Juniper/jtimon/statshandler.go:65.10,65.10 0 0
github.com/Juniper/jtimon/statshandler.go:69.73,73.18 3 1514
github.com/Juniper/jtimon/statshandler.go:74.23,75.81 1 21
github.com/Juniper/jtimon/statshandler.go:76.24,76.24 0 21
github.com/Juniper/jtimon/statshandler.go:77.25,77.25 0 21
github.com/Juniper/jtimon/statshandler.go:78.24,81.16 3 1408
github.com/Juniper/jtimon/statshandler.go:81.16,82.54 1 0
github.com/Juniper/jtimon/statshandler.go:83.31,85.31 2 0
github.com/Juniper/jtimon/statshandler.go:85.31,87.40 2 0
github.com/Juniper/jtimon/statshandler.go:88.37,89.36 1 0
github.com/Juniper/jtimon/statshandler.go:89.36,92.29 3 0
github.com/Juniper/jtimon/statshandler.go:92.29,94.67 2 0
github.com/Juniper/jtimon/statshandler.go:94.67,96.10 1 0
github.com/Juniper/jtimon/statshandler.go:97.9,98.67 2 0
github.com/Juniper/jtimon/statshandler.go:98.67,100.10 1 0
github.com/Juniper/jtimon/statshandler.go:104.8,106.152 1 0
github.com/Juniper/jtimon/statshandler.go:110.36,112.43 2 0
github.com/Juniper/jtimon/statshandler.go:112.43,122.6 2 0
github.com/Juniper/jtimon/statshandler.go:125.24,125.24 0 0
github.com/Juniper/jtimon/statshandler.go:126.18,126.18 0 23
github.com/Juniper/jtimon/statshandler.go:127.10,127.10 0 23
github.com/Juniper/jtimon/statshandler.go:131.68,135.18 3 0
github.com/Juniper/jtimon/statshandler.go:135.18,137.3 1 0
github.com/Juniper/jtimon/statshandler.go:138.2,141.18 3 0
github.com/Juniper/jtimon/statshandler.go:141.18,143.18 2 0
github.com/Juniper/jtimon/statshandler.go:143.18,149.18 5 0
github.com/Juniper/jtimon/statshandler.go:149.18,151.5 1 0
github.com/Juniper/jtimon/statshandler.go:153.4,161.31 8 0
github.com/Juniper/jtimon/statshandler.go:161.31,163.5 1 0
github.com/Juniper/jtimon/statshandler.go:164.4,164.35 1 0
github.com/Juniper/jtimon/statshandler.go:164.35,166.5 1 0
github.com/Juniper/jtimon/statshandler.go:167.4,167.39 1 0
github.com/Juniper/jtimon/statshandler.go:167.39,169.5 1 0
github.com/Juniper/jtimon/statshandler.go:172.2,172.14 1 0
github.com/Juniper/jtimon/statshandler.go:176.75,177.20 1 1417
github.com/Juniper/jtimon/statshandler.go:177.20,179.3 1 10
github.com/Juniper/jtimon/statshandler.go:180.2,180.14 1 1407
github.com/Juniper/jtimon/statshandler.go:180.14,183.3 2 1407
github.com/Juniper/jtimon/statshandler.go:184.2,184.22 1 1408
github.com/Juniper/jtimon/statshandler.go:187.61,188.20 1 69010
github.com/Juniper/jtimon/statshandler.go:188.20,190.3 1 8
github.com/Juniper/jtimon/statshandler.go:192.2,192.14 1 69007
github.com/Juniper/jtimon/statshandler.go:192.14,195.3 2 69010
github.com/Juniper/jtimon/statshandler.go:196.2,196.49 1 69593
github.com/Juniper/jtimon/statshandler.go:199.32,200.20 1 28
github.com/Juniper/jtimon/statshandler.go:200.20,202.3 1 4
github.com/Juniper/jtimon/statshandler.go:203.2,204.17 2 24
github.com/Juniper/jtimon/statshandler.go:204.17,206.3 1 3
github.com/Juniper/jtimon/statshandler.go:208.2,209.6 2 21
github.com/Juniper/jtimon/statshandler.go:209.6,216.30 4 1367
github.com/Juniper/jtimon/statshandler.go:216.30,218.12 2 0
github.com/Juniper/jtimon/statshandler.go:221.3,224.29 2 1357
github.com/Juniper/jtimon/statshandler.go:224.29,228.4 3 21
github.com/Juniper/jtimon/statshandler.go:230.3,237.14 4 1357
github.com/Juniper/jtimon/statshandler.go:237.14,239.4 1 1352
github.com/Juniper/jtimon/statshandler.go:243.31,244.20 1 22
github.com/Juniper/jtimon/statshandler.go:244.20,246.3 1 0
github.com/Juniper/jtimon/statshandler.go:248.2,257.36 8 21
github.com/Juniper/jtimon/statshandler.go:257.36,259.3 1 22
github.com/Juniper/jtimon/statshandler.go:261.2,262.38 2 22
github.com/Juniper/jtimon/statshandler.go:265.41,267.2 1 24
github.com/Juniper/jtimon/statshandler.go:269.34,270.59 1 28
github.com/Juniper/jtimon/statshandler.go:270.59,272.3 1 28
github.com/Juniper/jtimon/statshandler.go:273.2,277.45 4 0
github.com/Juniper/jtimon/statshandler.go:277.45,279.3 1 0
github.com/Juniper/jtimon/statshandler.go:281.2,282.16 2 0
github.com/Juniper/jtimon/statshandler.go:282.16,284.3 1 0
github.com/Juniper/jtimon/statshandler.go:286.2,286.16 1 0
github.com/Juniper/jtimon/statshandler.go:286.16,294.3 4 0
github.com/Juniper/jtimon/statshandler.go:297.34,298.43 1 22
github.com/Juniper/jtimon/statshandler.go:298.43,302.3 3 0
github.com/Juniper/jtimon/subscribe_cisco_iosxr.go:36.96,41.2 1 0
github.com/Juniper/jtimon/subscribe_cisco_iosxr.go:44.54,46.2 1 0
github.com/Juniper/jtimon/subscribe_cisco_iosxr.go:48.50,49.58 1 0
github.com/Juniper/jtimon/subscribe_cisco_iosxr.go:49.58,54.3 1 0
github.com/Juniper/jtimon/subscribe_cisco_iosxr.go:55.2,55.12 1 0
github.com/Juniper/jtimon/subscribe_cisco_iosxr.go:71.42,72.15 1 59
github.com/Juniper/jtimon/subscribe_cisco_iosxr.go:72.15,74.3 1 18
github.com/Juniper/jtimon/subscribe_cisco_iosxr.go:75.2,75.19 1 41
github.com/Juniper/jtimon/subscribe_cisco_iosxr.go:79.26,81.2 1 7
github.com/Juniper/jtimon/subscribe_cisco_iosxr.go:83.34,85.32 2 3
github.com/Juniper/jtimon/subscribe_cisco_iosxr.go:85.32,86.30 1 6
github.com/Juniper/jtimon/subscribe_cisco_iosxr.go:86.30,88.4 1 7
github.com/Juniper/jtimon/subscribe_cisco_iosxr.go:90.2,90.28 1 3
github.com/Juniper/jtimon/subscribe_cisco_iosxr.go:93.64,96.22 2 59
github.com/Juniper/jtimon/subscribe_cisco_iosxr.go:96.22,97.33 1 40
github.com/Juniper/jtimon/subscribe_cisco_iosxr.go:97.33,99.4 1 52
github.com/Juniper/jtimon/subscribe_cisco_iosxr.go:103.70,105.16 2 22
github.com/Juniper/jtimon/subscribe_cisco_iosxr.go:105.16,107.3 1 0
github.com/Juniper/jtimon/subscribe_cisco_iosxr.go:109.2,111.16 3 22
github.com/Juniper/jtimon/subscribe_cisco_iosxr.go:111.16,113.3 1 0
github.com/Juniper/jtimon/subscribe_cisco_iosxr.go:114.2,114.18 1 22
github.com/Juniper/jtimon/subscribe_cisco_iosxr.go:117.53,120.46 2 7
github.com/Juniper/jtimon/subscribe_cisco_iosxr.go:120.46,123.17 3 6
github.com/Juniper/jtimon/subscribe_cisco_iosxr.go:123.17,125.4 1 0
github.com/Juniper/jtimon/subscribe_cisco_iosxr.go:126.3,126.30 1 6
github.com/Juniper/jtimon/subscribe_cisco_iosxr.go:130.2,130.68 1 7
github.com/Juniper/jtimon/subscribe_cisco_iosxr.go:130.68,133.3 2 1
github.com/Juniper/jtimon/subscribe_cisco_iosxr.go:134.2,134.19 1 7
github.com/Juniper/jtimon/subscribe_cisco_iosxr.go:139.47,142.16 3 7
github.com/Juniper/jtimon/subscribe_cisco_iosxr.go:142.16,144.3 1 0
github.com/Juniper/jtimon/subscribe_cisco_iosxr.go:145.2,145.29 1 7
github.com/Juniper/jtimon/subscribe_cisco_iosxr.go:145.29,146.17 1 7
github.com/Juniper/jtimon/subscribe_cisco_iosxr.go:146.17,148.4 1 0
github.com/Juniper/jtimon/subscribe_cisco_iosxr.go:150.3,151.17 2 7
github.com/Juniper/jtimon/subscribe_cisco_iosxr.go:151.17,153.4 1 0
github.com/Juniper/jtimon/subscribe_cisco_iosxr.go:155.3,155.23 1 7
github.com/Juniper/jtimon/subscribe_cisco_iosxr.go:155.23,157.18 2 5
github.com/Juniper/jtimon/subscribe_cisco_iosxr.go:157.18,159.5 1 0
github.com/Juniper/jtimon/subscribe_cisco_iosxr.go:160.4,160.31 1 5
github.com/Juniper/jtimon/subscribe_cisco_iosxr.go:160.31,162.19 2 20
github.com/Juniper/jtimon/subscribe_cisco_iosxr.go:162.19,164.6 1 0
github.com/Juniper/jtimon/subscribe_cisco_iosxr.go:165.5,165.46 1 20
github.com/Juniper/jtimon/subscribe_cisco_iosxr.go:167.9,169.18 2 2
github.com/Juniper/jtimon/subscribe_cisco_iosxr.go:169.18,171.5 1 0
github.com/Juniper/jtimon/subscribe_cisco_iosxr.go:172.4,172.45 1 2
github.com/Juniper/jtimon/subscribe_cisco_iosxr.go:175.2,175.20 1 7
github.com/Juniper/jtimon/subscribe_cisco_iosxr.go:178.40,179.29 1 5
github.com/Juniper/jtimon/subscribe_cisco_iosxr.go:179.29,180.10 1 80
github.com/Juniper/jtimon/subscribe_cisco_iosxr.go:181.28,182.12 1 62
github.com/Juniper/jtimon/subscribe_cisco_iosxr.go:183.27,184.12 1 3
github.com/Juniper/jtimon/subscribe_cisco_iosxr.go:185.11,186.14 1 15
github.com/Juniper/jtimon/subscribe_cisco_iosxr.go:190.2,190.66 1 5
github.com/Juniper/jtimon/subscribe_cisco_iosxr.go:190.66,192.3 1 3
github.com/Juniper/jtimon/subscribe_cisco_iosxr.go:194.2,194.13 1 2
github.com/Juniper/jtimon/subscribe_cisco_iosxr.go:197.118,208.16 5 0
github.com/Juniper/jtimon/subscribe_cisco_iosxr.go:208.16,212.3 3 0
github.com/Juniper/jtimon/subscribe_cisco_iosxr.go:214.2,215.17 2 0
github.com/Juniper/jtimon/subscribe_cisco_iosxr.go:215.17,217.3 1 0
github.com/Juniper/jtimon/subscribe_cisco_iosxr.go:219.2,220.24 2 0
github.com/Juniper/jtimon/subscribe_cisco_iosxr.go:220.24,222.3 1 0
github.com/Juniper/jtimon/subscribe_cisco_iosxr.go:224.2,224.6 1 0
github.com/Juniper/jtimon/subscribe_cisco_iosxr.go:224.6,229.20 3 0
github.com/Juniper/jtimon/subscribe_cisco_iosxr.go:229.20,232.4 2 0
github.com/Juniper/jtimon/subscribe_cisco_iosxr.go:233.3,233.17 1 0
github.com/Juniper/jtimon/subscribe_cisco_iosxr.go:233.17,237.4 3 0
github.com/Juniper/jtimon/subscribe_cisco_iosxr.go:238.3,240.17 3 0
github.com/Juniper/jtimon/subscribe_cisco_iosxr.go:240.17,242.12 2 0
github.com/Juniper/jtimon/subscribe_cisco_iosxr.go:244.3,244.19 1 0
github.com/Juniper/jtimon/subscribe_cisco_iosxr.go:244.19,246.4 1 0
github.com/Juniper/jtimon/subscribe_cisco_iosxr.go:247.3,250.17 3 0
github.com/Juniper/jtimon/subscribe_cisco_iosxr.go:250.17,252.12 2 0
github.com/Juniper/jtimon/subscribe_cisco_iosxr.go:255.3,256.22 2 0
github.com/Juniper/jtimon/subscribe_cisco_iosxr.go:256.22,258.39 2 0
github.com/Juniper/jtimon/subscribe_cisco_iosxr.go:258.39,259.32 1 0
github.com/Juniper/jtimon/subscribe_cisco_iosxr.go:259.32,260.51 1 0
github.com/Juniper/jtimon/subscribe_cisco_iosxr.go:260.51,261.53 1 0
github.com/Juniper/jtimon/subscribe_cisco_iosxr.go:261.53,264.8 2 0
github.com/Juniper/jtimon/subscribe_cisco_iosxr.go:268.9,268.29 1 0
github.com/Juniper/jtimon/subscribe_cisco_iosxr.go:268.29,270.39 2 0
github.com/Juniper/jtimon/subscribe_cisco_iosxr.go:270.39,271.32 1 0
github.com/Juniper/jtimon/subscribe_cisco_iosxr.go:271.32,272.51 1 0
github.com/Juniper/jtimon/subscribe_cisco_iosxr.go:272.51,273.38 1 0
github.com/Juniper/jtimon/subscribe_cisco_iosxr.go:273.38,275.26 2 0
github.com/Juniper/jtimon/subscribe_cisco_iosxr.go:275.26,277.9 1 0
github.com/Juniper/jtimon/subscribe_cisco_iosxr.go:280.7,280.82 1 0
github.com/Juniper/jtimon/subscribe_cisco_iosxr.go:287.3,287.30 1 0
github.com/Juniper/jtimon/subscribe_cisco_iosxr.go:287.30,290.4 2 0
github.com/Juniper/jtimon/subscribe_cisco_iosxr.go:294.99,296.16 2 0
github.com/Juniper/jtimon/subscribe_cisco_iosxr.go:296.16,299.3 2 0
github.com/Juniper/jtimon/subscribe_cisco_iosxr.go:301.2,305.16 4 0
github.com/Juniper/jtimon/subscribe_cisco_iosxr.go:305.16,307.3 1 0
github.com/Juniper/jtimon/subscribe_cisco_iosxr.go:309.2,309.33 1 0
github.com/Juniper/jtimon/subscribe_cisco_iosxr.go:309.33,311.3 1 0
github.com/Juniper/jtimon/subscribe_cisco_iosxr.go:313.2,313.6 1 0
github.com/Juniper/jtimon/subscribe_cisco_iosxr.go:313.6,314.10 1 0
github.com/Juniper/jtimon/subscribe_cisco_iosxr.go:315.28,316.13 1 0
github.com/Juniper/jtimon/subscribe_cisco_iosxr.go:317.24,319.30 1 0
github.com/Juniper/jtimon/subscribe_cisco_iosxr.go:320.22,322.32 1 0
github.com/Juniper/jtimon/subscribe_cisco_iosxr.go:324.17,326.25 1 0
github.com/Juniper/jtimon/subscribe_cisco_iosxr.go:331.92,335.26 3 2538
github.com/Juniper/jtimon/subscribe_cisco_iosxr.go:335.26,336.28 1 2490
github.com/Juniper/jtimon/subscribe_cisco_iosxr.go:336.28,337.9 1 2490
github.com/Juniper/jtimon/subscribe_cisco_iosxr.go:340.2,340.10 1 2538
github.com/Juniper/jtimon/subscribe_cisco_iosxr.go:344.95,348.26 3 2658
github.com/Juniper/jtimon/subscribe_cisco_iosxr.go:348.26,349.31 1 5220
github.com/Juniper/jtimon/subscribe_cisco_iosxr.go:349.31,350.9 1 2610
github.com/Juniper/jtimon/subscribe_cisco_iosxr.go:353.2,353.10 1 2658
github.com/Juniper/jtimon/subscribe_cisco_iosxr.go:356.66,357.39 1 64044
github.com/Juniper/jtimon/subscribe_cisco_iosxr.go:358.45,359.51 1 9978
github.com/Juniper/jtimon/subscribe_cisco_iosxr.go:360.45,361.51 1 33312
github.com/Juniper/jtimon/subscribe_cisco_iosxr.go:362.45,363.51 1 20748
github.com/Juniper/jtimon/subscribe_cisco_iosxr.go:364.45,365.51 1 0
github.com/Juniper/jtimon/subscribe_cisco_iosxr.go:366.45,367.51 1 0
github.com/Juniper/jtimon/subscribe_cisco_iosxr.go:368.45,369.51 1 6
github.com/Juniper/jtimon/subscribe_cisco_iosxr.go:370.43,371.49 1 0
github.com/Juniper/jtimon/subscribe_cisco_iosxr.go:372.44,373.50 1 0
github.com/Juniper/jtimon/subscribe_cisco_iosxr.go:374.10,375.12 1 0
github.com/Juniper/jtimon/subscribe_cisco_iosxr.go:379.91,380.39 1 57466
github.com/Juniper/jtimon/subscribe_cisco_iosxr.go:381.45,382.32 1 3463
github.com/Juniper/jtimon/subscribe_cisco_iosxr.go:383.45,384.32 1 33241
github.com/Juniper/jtimon/subscribe_cisco_iosxr.go:385.45,386.17 1 20750
github.com/Juniper/jtimon/subscribe_cisco_iosxr.go:386.17,388.4 1 1
github.com/Juniper/jtimon/subscribe_cisco_iosxr.go:389.3,389.41 1 20749
github.com/Juniper/jtimon/subscribe_cisco_iosxr.go:390.45,391.32 1 1
github.com/Juniper/jtimon/subscribe_cisco_iosxr.go:392.45,393.32 1 1
github.com/Juniper/jtimon/subscribe_cisco_iosxr.go:394.45,395.32 1 7
github.com/Juniper/jtimon/subscribe_cisco_iosxr.go:396.43,397.30 1 1
github.com/Juniper/jtimon/subscribe_cisco_iosxr.go:398.44,399.31 1 1
github.com/Juniper/jtimon/subscribe_cisco_iosxr.go:400.10,401.12 1 1
github.com/Juniper/jtimon/subscribe_cisco_iosxr.go:405.70,407.31 2 4050
github.com/Juniper/jtimon/subscribe_cisco_iosxr.go:407.31,408.30 1 5418
github.com/Juniper/jtimon/subscribe_cisco_iosxr.go:408.30,410.4 1 3954
github.com/Juniper/jtimon/subscribe_cisco_iosxr.go:412.2,412.11 1 96
github.com/Juniper/jtimon/subscribe_cisco_iosxr.go:415.124,436.44 6 2538
github.com/Juniper/jtimon/subscribe_cisco_iosxr.go:436.44,437.31 1 10674
github.com/Juniper/jtimon/subscribe_cisco_iosxr.go:437.31,438.29 1 17442
github.com/Juniper/jtimon/subscribe_cisco_iosxr.go:438.29,442.14 4 9738
github.com/Juniper/jtimon/subscribe_cisco_iosxr.go:442.14,444.6 1 0
github.com/Juniper/jtimon/subscribe_cisco_iosxr.go:444.11,445.36 1 9738
github.com/Juniper/jtimon/subscribe_cisco_iosxr.go:445.36,446.18 1 19404
github.com/Juniper/jtimon/subscribe_cisco_iosxr.go:446.18,448.8 1 4050
github.com/Juniper/jtimon/subscribe_cisco_iosxr.go:451.5,451.26 1 9738
github.com/Juniper/jtimon/subscribe_cisco_iosxr.go:451.26,460.6 5 4050
github.com/Juniper/jtimon/subscribe_cisco_iosxr.go:461.5,461.10 1 9738
github.com/Juniper/jtimon/subscribe_cisco_iosxr.go:464.3,464.15 1 10674
github.com/Juniper/jtimon/subscribe_cisco_iosxr.go:464.15,465.9 1 0
github.com/Juniper/jtimon/subscribe_cisco_iosxr.go:468.2,468.19 1 2538
github.com/Juniper/jtimon/subscribe_cisco_iosxr.go:471.114,472.43 1 126
github.com/Juniper/jtimon/subscribe_cisco_iosxr.go:472.43,475.21 3 2538
github.com/Juniper/jtimon/subscribe_cisco_iosxr.go:475.21,476.12 1 48
github.com/Juniper/jtimon/subscribe_cisco_iosxr.go:478.3,478.64 1 2490
github.com/Juniper/jtimon/subscribe_cisco_iosxr.go:482.120,485.20 2 120
github.com/Juniper/jtimon/subscribe_cisco_iosxr.go:485.20,502.3 2 120
github.com/Juniper/jtimon/subscribe_cisco_iosxr.go:510.34,512.2 1 129024
github.com/Juniper/jtimon/subscribe_cisco_iosxr.go:514.108,518.26 3 5898
github.com/Juniper/jtimon/subscribe_cisco_iosxr.go:518.26,520.15 2 60744
github.com/Juniper/jtimon/subscribe_cisco_iosxr.go:520.15,521.32 1 57750
github.com/Juniper/jtimon/subscribe_cisco_iosxr.go:521.32,522.26 1 84252
github.com/Juniper/jtimon/subscribe_cisco_iosxr.go:522.26,523.18 1 5418
github.com/Juniper/jtimon/subscribe_cisco_iosxr.go:523.18,529.7 2 2634
github.com/Juniper/jtimon/subscribe_cisco_iosxr.go:530.6,530.24 1 5418
github.com/Juniper/jtimon/subscribe_cisco_iosxr.go:535.3,535.28 1 60744
github.com/Juniper/jtimon/subscribe_cisco_iosxr.go:536.12,540.31 3 57456
github.com/Juniper/jtimon/subscribe_cisco_iosxr.go:540.31,543.5 2 0
github.com/Juniper/jtimon/subscribe_cisco_iosxr.go:545.4,545.20 1 57456
github.com/Juniper/jtimon/subscribe_cisco_iosxr.go:545.20,546.28 1 0
github.com/Juniper/jtimon/subscribe_cisco_iosxr.go:546.28,549.6 2 0
github.com/Juniper/jtimon/subscribe_cisco_iosxr.go:551.4,551.20 1 57456
github.com/Juniper/jtimon/subscribe_cisco_iosxr.go:551.20,552.28 1 28728
github.com/Juniper/jtimon/subscribe_cisco_iosxr.go:552.28,555.6 2 28728
github.com/Juniper/jtimon/subscribe_cisco_iosxr.go:558.4,561.30 3 57456
github.com/Juniper/jtimon/subscribe_cisco_iosxr.go:561.30,563.5 1 258048
github.com/Juniper/jtimon/subscribe_cisco_iosxr.go:564.4,566.22 3 57456
github.com/Juniper/jtimon/subscribe_cisco_iosxr.go:568.11,576.29 2 3288
github.com/Juniper/jtimon/subscribe_cisco_iosxr.go:576.29,578.5 1 3288
github.com/Juniper/jtimon/subscribe_cisco_iosxr.go:579.4,579.62 1 3288
github.com/Juniper/jtimon/subscribe_cisco_iosxr.go:584.48,585.8 1 60090
github.com/Juniper/jtimon/subscribe_cisco_iosxr.go:585.8,586.30 1 60090
github.com/Juniper/jtimon/subscribe_cisco_iosxr.go:586.30,588.19 2 273792
github.com/Juniper/jtimon/subscribe_cisco_iosxr.go:588.19,590.5 1 342
github.com/Juniper/jtimon/subscribe_cisco_iosxr.go:593.2,593.41 1 60090
github.com/Juniper/jtimon/subscribe_cisco_iosxr.go:596.87,597.31 1 0
github.com/Juniper/jtimon/subscribe_cisco_iosxr.go:597.31,598.28 1 0
github.com/Juniper/jtimon/subscribe_cisco_iosxr.go:599.12,600.42 1 0
github.com/Juniper/jtimon/subscribe_cisco_iosxr.go:601.11,608.29 2 0
github.com/Juniper/jtimon/subscribe_cisco_iosxr.go:608.29,610.5 1 0
github.com/Juniper/jtimon/subscribe_cisco_iosxr.go:611.4,611.55 1 0
github.com/Juniper/jtimon/subscribe_cisco_iosxr.go:617.86,618.39 1 0
github.com/Juniper/jtimon/subscribe_cisco_iosxr.go:619.45,620.137 1 0
github.com/Juniper/jtimon/subscribe_cisco_iosxr.go:621.43,622.135 1 0
github.com/Juniper/jtimon/subscribe_cisco_iosxr.go:623.45,624.137 1 0
github.com/Juniper/jtimon/subscribe_cisco_iosxr.go:625.45,626.137 1 0
github.com/Juniper/jtimon/subscribe_cisco_iosxr.go:627.44,628.136 1 0
github.com/Juniper/jtimon/subscribe_cisco_iosxr.go:629.45,630.137 1 0
github.com/Juniper/jtimon/subscribe_cisco_iosxr.go:631.45,632.137 1 0
github.com/Juniper/jtimon/subscribe_cisco_iosxr.go:633.45,634.137 1 0
github.com/Juniper/jtimon/subscribe_cisco_iosxr.go:635.10,635.10 0 0
github.com/Juniper/jtimon/subscribe_gnmi.go:35.69,41.40 2 4
github.com/Juniper/jtimon/subscribe_gnmi.go:41.40,43.3 1 20
github.com/Juniper/jtimon/subscribe_gnmi.go:45.2,45.39 1 4
github.com/Juniper/jtimon/subscribe_gnmi.go:45.39,47.81 2 20
github.com/Juniper/jtimon/subscribe_gnmi.go:47.81,48.12 1 10
github.com/Juniper/jtimon/subscribe_gnmi.go:51.3,52.19 2 10
github.com/Juniper/jtimon/subscribe_gnmi.go:53.14,54.33 1 2
github.com/Juniper/jtimon/subscribe_gnmi.go:55.16,56.26 1 0
github.com/Juniper/jtimon/subscribe_gnmi.go:57.13,58.24 1 0
github.com/Juniper/jtimon/subscribe_gnmi.go:58.24,60.5 1 0
github.com/Juniper/jtimon/subscribe_gnmi.go:60.10,62.5 1 0
github.com/Juniper/jtimon/subscribe_gnmi.go:63.15,66.69 2 6
github.com/Juniper/jtimon/subscribe_gnmi.go:66.69,68.5 1 6
github.com/Juniper/jtimon/subscribe_gnmi.go:68.10,69.13 1 0
github.com/Juniper/jtimon/subscribe_gnmi.go:71.4,71.16 1 6
github.com/Juniper/jtimon/subscribe_gnmi.go:72.29,72.29 0 0
github.com/Juniper/jtimon/subscribe_gnmi.go:73.22,73.22 0 0
github.com/Juniper/jtimon/subscribe_gnmi.go:74.15,74.15 0 0
github.com/Juniper/jtimon/subscribe_gnmi.go:75.11,77.12 2 2
github.com/Juniper/jtimon/subscribe_gnmi.go:80.3,89.39 3 8
github.com/Juniper/jtimon/subscribe_gnmi.go:89.39,91.4 1 8
github.com/Juniper/jtimon/subscribe_gnmi.go:93.3,93.29 1 8
github.com/Juniper/jtimon/subscribe_gnmi.go:93.29,95.4 1 0
github.com/Juniper/jtimon/subscribe_gnmi.go:98.2,98.8 1 4
github.com/Juniper/jtimon/subscribe_gnmi.go:105.131,106.66 1 4
github.com/Juniper/jtimon/subscribe_gnmi.go:106.66,108.3 1 0
github.com/Juniper/jtimon/subscribe_gnmi.go:110.2,111.16 2 4
github.com/Juniper/jtimon/subscribe_gnmi.go:111.16,115.3 3 0
github.com/Juniper/jtimon/subscribe_gnmi.go:117.2,118.44 2 4
github.com/Juniper/jtimon/subscribe_gnmi.go:118.44,119.39 1 0
github.com/Juniper/jtimon/subscribe_gnmi.go:119.39,122.4 2 0
github.com/Juniper/jtimon/subscribe_gnmi.go:124.3,124.29 1 0
github.com/Juniper/jtimon/subscribe_gnmi.go:124.29,129.4 1 0
github.com/Juniper/jtimon/subscribe_gnmi.go:130.8,131.39 1 4
github.com/Juniper/jtimon/subscribe_gnmi.go:131.39,134.4 2 4
github.com/Juniper/jtimon/subscribe_gnmi.go:136.3,136.29 1 4
github.com/Juniper/jtimon/subscribe_gnmi.go:136.29,138.4 1 0
github.com/Juniper/jtimon/subscribe_gnmi.go:141.2,141.12 1 4
github.com/Juniper/jtimon/subscribe_gnmi.go:153.109,173.9 7 14
github.com/Juniper/jtimon/subscribe_gnmi.go:173.9,177.14 2 0
github.com/Juniper/jtimon/subscribe_gnmi.go:177.14,180.4 2 0
github.com/Juniper/jtimon/subscribe_gnmi.go:181.3,187.26 6 0
github.com/Juniper/jtimon/subscribe_gnmi.go:190.2,190.16 1 14
github.com/Juniper/jtimon/subscribe_gnmi.go:190.16,193.3 1 0
github.com/Juniper/jtimon/subscribe_gnmi.go:195.2,195.34 1 14
github.com/Juniper/jtimon/subscribe_gnmi.go:195.34,200.22 4 4
github.com/Juniper/jtimon/subscribe_gnmi.go:200.22,202.4 1 4
github.com/Juniper/jtimon/subscribe_gnmi.go:203.3,203.35 1 4
github.com/Juniper/jtimon/subscribe_gnmi.go:203.35,205.4 1 0
github.com/Juniper/jtimon/subscribe_gnmi.go:207.3,209.52 3 4
github.com/Juniper/jtimon/subscribe_gnmi.go:210.8,217.36 3 10
github.com/Juniper/jtimon/subscribe_gnmi.go:217.36,219.4 1 6
github.com/Juniper/jtimon/subscribe_gnmi.go:220.3,224.52 4 10
github.com/Juniper/jtimon/subscribe_gnmi.go:227.2,230.25 4 14
github.com/Juniper/jtimon/subscribe_gnmi.go:239.150,246.18 3 11
github.com/Juniper/jtimon/subscribe_gnmi.go:246.18,249.3 2 0
github.com/Juniper/jtimon/subscribe_gnmi.go:251.2,251.33 1 11
github.com/Juniper/jtimon/subscribe_gnmi.go:251.33,253.17 2 11
github.com/Juniper/jtimon/subscribe_gnmi.go:253.17,256.4 2 0
github.com/Juniper/jtimon/subscribe_gnmi.go:259.2,259.33 1 11
github.com/Juniper/jtimon/subscribe_gnmi.go:259.33,261.17 2 4
github.com/Juniper/jtimon/subscribe_gnmi.go:261.17,263.4 1 0
github.com/Juniper/jtimon/subscribe_gnmi.go:271.2,272.32 2 11
github.com/Juniper/jtimon/subscribe_gnmi.go:272.32,274.3 1 4
github.com/Juniper/jtimon/subscribe_gnmi.go:276.2,277.16 2 11
github.com/Juniper/jtimon/subscribe_gnmi.go:277.16,280.3 2 0
github.com/Juniper/jtimon/subscribe_gnmi.go:282.2,282.25 1 11
github.com/Juniper/jtimon/subscribe_gnmi.go:288.72,299.47 3 10
github.com/Juniper/jtimon/subscribe_gnmi.go:299.47,304.3 4 2
github.com/Juniper/jtimon/subscribe_gnmi.go:309.2,310.16 2 8
github.com/Juniper/jtimon/subscribe_gnmi.go:310.16,313.3 2 0
github.com/Juniper/jtimon/subscribe_gnmi.go:316.2,319.22 2 8
github.com/Juniper/jtimon/subscribe_gnmi.go:319.22,320.28 1 8
github.com/Juniper/jtimon/subscribe_gnmi.go:320.28,321.34 1 8
github.com/Juniper/jtimon/subscribe_gnmi.go:321.34,323.39 1 8
github.com/Juniper/jtimon/subscribe_gnmi.go:323.39,325.81 1 4
github.com/Juniper/jtimon/subscribe_gnmi.go:325.81,328.7 2 2
github.com/Juniper/jtimon/subscribe_gnmi.go:331.5,331.42 1 6
github.com/Juniper/jtimon/subscribe_gnmi.go:331.42,333.84 1 4
github.com/Juniper/jtimon/subscribe_gnmi.go:333.84,336.7 2 2
github.com/Juniper/jtimon/subscribe_gnmi.go:338.10,341.5 2 0
github.com/Juniper/jtimon/subscribe_gnmi.go:345.2,345.29 1 4
github.com/Juniper/jtimon/subscribe_gnmi.go:345.29,348.3 2 0
github.com/Juniper/jtimon/subscribe_gnmi.go:350.2,354.11 4 4
github.com/Juniper/jtimon/subscribe_gnmi.go:354.11,355.22 1 4
github.com/Juniper/jtimon/subscribe_gnmi.go:355.22,357.4 1 4
github.com/Juniper/jtimon/subscribe_gnmi.go:357.9,359.4 1 0
github.com/Juniper/jtimon/subscribe_gnmi.go:362.2,362.38 1 4
github.com/Juniper/jtimon/subscribe_gnmi.go:362.38,368.33 2 4
github.com/Juniper/jtimon/subscribe_gnmi.go:368.33,370.4 1 2
github.com/Juniper/jtimon/subscribe_gnmi.go:371.3,371.33 1 4
github.com/Juniper/jtimon/subscribe_gnmi.go:371.33,372.38 1 4
github.com/Juniper/jtimon/subscribe_gnmi.go:372.38,374.5 1 2
github.com/Juniper/jtimon/subscribe_gnmi.go:374.10,378.19 4 2
github.com/Juniper/jtimon/subscribe_gnmi.go:378.19,380.6 1 0
github.com/Juniper/jtimon/subscribe_gnmi.go:381.5,382.19 2 2
github.com/Juniper/jtimon/subscribe_gnmi.go:382.19,384.6 1 0
github.com/Juniper/jtimon/subscribe_gnmi.go:385.5,386.40 2 2
github.com/Juniper/jtimon/subscribe_gnmi.go:386.40,387.37 1 6
github.com/Juniper/jtimon/subscribe_gnmi.go:387.37,389.39 2 4
github.com/Juniper/jtimon/subscribe_gnmi.go:389.39,392.16 2 0
github.com/Juniper/jtimon/subscribe_gnmi.go:394.7,394.38 1 4
github.com/Juniper/jtimon/subscribe_gnmi.go:401.3,402.112 1 4
github.com/Juniper/jtimon/subscribe_gnmi.go:405.2,406.27 2 4
github.com/Juniper/jtimon/subscribe_gnmi.go:406.27,408.3 1 0
github.com/Juniper/jtimon/subscribe_gnmi.go:410.2,411.16 2 4
github.com/Juniper/jtimon/subscribe_gnmi.go:411.16,414.3 2 0
github.com/Juniper/jtimon/subscribe_gnmi.go:416.2,416.12 1 4
github.com/Juniper/jtimon/subscribe_gnmi.go:420.125,423.28 2 0
github.com/Juniper/jtimon/subscribe_gnmi.go:423.28,424.30 1 0
github.com/Juniper/jtimon/subscribe_gnmi.go:424.30,426.18 2 0
github.com/Juniper/jtimon/subscribe_gnmi.go:426.18,428.5 1 0
github.com/Juniper/jtimon/subscribe_gnmi.go:430.4,434.87 4 0
github.com/Juniper/jtimon/subscribe_gnmi.go:436.8,437.37 1 0
github.com/Juniper/jtimon/subscribe_gnmi.go:437.37,439.18 2 0
github.com/Juniper/jtimon/subscribe_gnmi.go:439.18,441.5 1 0
github.com/Juniper/jtimon/subscribe_gnmi.go:443.4,446.87 3 0
github.com/Juniper/jtimon/subscribe_gnmi.go:450.2,450.18 1 0
github.com/Juniper/jtimon/subscribe_gnmi.go:458.101,475.36 3 0
github.com/Juniper/jtimon/subscribe_gnmi.go:475.36,476.43 1 0
github.com/Juniper/jtimon/subscribe_gnmi.go:477.15,478.38 1 0
github.com/Juniper/jtimon/subscribe_gnmi.go:479.20,480.43 1 0
github.com/Juniper/jtimon/subscribe_gnmi.go:481.11,482.39 1 0
github.com/Juniper/jtimon/subscribe_gnmi.go:487.2,488.16 2 0
github.com/Juniper/jtimon/subscribe_gnmi.go:488.16,492.3 2 0
github.com/Juniper/jtimon/subscribe_gnmi.go:495.2,495.58 1 0
github.com/Juniper/jtimon/subscribe_gnmi.go:495.58,498.3 2 0
github.com/Juniper/jtimon/subscribe_gnmi.go:498.8,500.3 1 0
github.com/Juniper/jtimon/subscribe_gnmi.go:501.2,502.16 2 0
github.com/Juniper/jtimon/subscribe_gnmi.go:502.16,505.3 2 0
github.com/Juniper/jtimon/subscribe_gnmi.go:507.2,508.16 2 0
github.com/Juniper/jtimon/subscribe_gnmi.go:508.16,511.3 2 0
github.com/Juniper/jtimon/subscribe_gnmi.go:513.2,516.12 2 0
github.com/Juniper/jtimon/subscribe_gnmi.go:516.12,522.7 3 0
github.com/Juniper/jtimon/subscribe_gnmi.go:522.7,524.21 2 0
github.com/Juniper/jtimon/subscribe_gnmi.go:524.21,529.5 4 0
github.com/Juniper/jtimon/subscribe_gnmi.go:531.4,531.18 1 0
github.com/Juniper/jtimon/subscribe_gnmi.go:531.18,534.14 3 0
github.com/Juniper/jtimon/subscribe_gnmi.go:534.14,538.6 3 0
github.com/Juniper/jtimon/subscribe_gnmi.go:544.5,544.113 1 0
github.com/Juniper/jtimon/subscribe_gnmi.go:544.113,547.6 2 0
github.com/Juniper/jtimon/subscribe_gnmi.go:549.5,550.11 2 0
github.com/Juniper/jtimon/subscribe_gnmi.go:553.4,553.23 1 0
github.com/Juniper/jtimon/subscribe_gnmi.go:553.23,555.82 2 0
github.com/Juniper/jtimon/subscribe_gnmi.go:555.82,557.14 2 0
github.com/Juniper/jtimon/subscribe_gnmi.go:559.10,560.15 1 0
github.com/Juniper/jtimon/subscribe_gnmi.go:560.15,562.83 2 0
github.com/Juniper/jtimon/subscribe_gnmi.go:562.83,564.7 1 0
github.com/Juniper/jtimon/subscribe_gnmi.go:570.2,570.6 1 0
github.com/Juniper/jtimon/subscribe_gnmi.go:570.6,571.10 1 0
github.com/Juniper/jtimon/subscribe_gnmi.go:572.28,573.13 1 0
github.com/Juniper/jtimon/subscribe_gnmi.go:574.24,576.30 1 0
github.com/Juniper/jtimon/subscribe_gnmi.go:577.22,579.32 1 0
github.com/Juniper/jtimon/subscribe_gnmi.go:581.28,583.18 1 0
github.com/Juniper/jtimon/subscribe_juniper_junos.go:32.64,37.86 3 1406
github.com/Juniper/jtimon/subscribe_juniper_junos.go:37.86,45.26 8 0
github.com/Juniper/jtimon/subscribe_juniper_junos.go:45.26,47.4 1 0
github.com/Juniper/jtimon/subscribe_juniper_junos.go:49.3,50.25 2 0
github.com/Juniper/jtimon/subscribe_juniper_junos.go:50.25,52.4 1 0
github.com/Juniper/jtimon/subscribe_juniper_junos.go:55.2,56.31 2 1405
github.com/Juniper/jtimon/subscribe_juniper_junos.go:56.31,59.87 2 69363
github.com/Juniper/jtimon/subscribe_juniper_junos.go:59.87,61.36 2 0
github.com/Juniper/jtimon/subscribe_juniper_junos.go:62.37,63.64 1 0
github.com/Juniper/jtimon/subscribe_juniper_junos.go:64.34,65.58 1 0
github.com/Juniper/jtimon/subscribe_juniper_junos.go:66.35,67.60 1 0
github.com/Juniper/jtimon/subscribe_juniper_junos.go:68.35,69.60 1 0
github.com/Juniper/jtimon/subscribe_juniper_junos.go:70.35,71.60 1 0
github.com/Juniper/jtimon/subscribe_juniper_junos.go:72.34,73.58 1 0
github.com/Juniper/jtimon/subscribe_juniper_junos.go:74.36,75.62 1 0
github.com/Juniper/jtimon/subscribe_juniper_junos.go:76.39,79.28 3 0
github.com/Juniper/jtimon/subscribe_juniper_junos.go:79.28,80.31 1 0
github.com/Juniper/jtimon/subscribe_juniper_junos.go:81.46,83.71 2 0
github.com/Juniper/jtimon/subscribe_juniper_junos.go:87.12,88.47 1 0
github.com/Juniper/jtimon/subscribe_juniper_junos.go:92.3,92.29 1 69373
github.com/Juniper/jtimon/subscribe_juniper_junos.go:92.29,94.4 1 1408
github.com/Juniper/jtimon/subscribe_juniper_junos.go:94.9,94.46 1 67966
github.com/Juniper/jtimon/subscribe_juniper_junos.go:94.46,95.54 1 67973
github.com/Juniper/jtimon/subscribe_juniper_junos.go:95.54,96.21 1 0
github.com/Juniper/jtimon/subscribe_juniper_junos.go:96.21,98.6 1 0
github.com/Juniper/jtimon/subscribe_juniper_junos.go:103.2,103.46 1 1408
github.com/Juniper/jtimon/subscribe_juniper_junos.go:103.46,105.3 1 0
github.com/Juniper/jtimon/subscribe_juniper_junos.go:106.2,106.64 1 1408
github.com/Juniper/jtimon/subscribe_juniper_junos.go:106.64,108.3 1 0
github.com/Juniper/jtimon/subscribe_juniper_junos.go:118.50,122.22 3 23
github.com/Juniper/jtimon/subscribe_juniper_junos.go:122.22,125.3 2 0
github.com/Juniper/jtimon/subscribe_juniper_junos.go:125.8,127.3 1 23
github.com/Juniper/jtimon/subscribe_juniper_junos.go:128.2,130.16 2 23
github.com/Juniper/jtimon/subscribe_juniper_junos.go:130.16,132.3 1 2
github.com/Juniper/jtimon/subscribe_juniper_junos.go:134.2,135.17 2 21
github.com/Juniper/jtimon/subscribe_juniper_junos.go:135.17,137.3 1 0
github.com/Juniper/jtimon/subscribe_juniper_junos.go:139.2,140.24 2 21
github.com/Juniper/jtimon/subscribe_juniper_junos.go:140.24,142.3 1 42
github.com/Juniper/jtimon/subscribe_juniper_junos.go:144.2,146.12 2 21
github.com/Juniper/jtimon/subscribe_juniper_junos.go:146.12,150.7 2 21
github.com/Juniper/jtimon/subscribe_juniper_junos.go:150.7,152.21 2 1427
github.com/Juniper/jtimon/subscribe_juniper_junos.go:152.21,156.5 3 0
github.com/Juniper/jtimon/subscribe_juniper_junos.go:157.4,157.18 1 1428
github.com/Juniper/jtimon/subscribe_juniper_junos.go:157.18,161.5 3 21
github.com/Juniper/jtimon/subscribe_juniper_junos.go:163.4,163.20 1 1407
github.com/Juniper/jtimon/subscribe_juniper_junos.go:163.20,164.58 1 0
github.com/Juniper/jtimon/subscribe_juniper_junos.go:164.58,166.6 1 0
github.com/Juniper/jtimon/subscribe_juniper_junos.go:166.11,168.6 1 0
github.com/Juniper/jtimon/subscribe_juniper_junos.go:171.4,172.16 2 1407
github.com/Juniper/jtimon/subscribe_juniper_junos.go:172.16,173.67 1 0
github.com/Juniper/jtimon/subscribe_juniper_junos.go:173.67,175.6 1 0
github.com/Juniper/jtimon/subscribe_juniper_junos.go:178.4,178.90 1 1405
github.com/Juniper/jtimon/subscribe_juniper_junos.go:178.90,180.5 1 1406
github.com/Juniper/jtimon/subscribe_juniper_junos.go:183.4,183.23 1 1407
github.com/Juniper/jtimon/subscribe_juniper_junos.go:183.23,185.5 1 1407
github.com/Juniper/jtimon/subscribe_juniper_junos.go:185.10,187.5 1 0
github.com/Juniper/jtimon/subscribe_juniper_junos.go:190.4,190.13 1 1407
github.com/Juniper/jtimon/subscribe_juniper_junos.go:190.13,191.24 1 40
github.com/Juniper/jtimon/subscribe_juniper_junos.go:191.24,193.6 1 40
github.com/Juniper/jtimon/subscribe_juniper_junos.go:193.11,195.6 1 0
github.com/Juniper/jtimon/subscribe_juniper_junos.go:198.4,198.23 1 1407
github.com/Juniper/jtimon/subscribe_juniper_junos.go:198.23,200.5 1 1407
github.com/Juniper/jtimon/subscribe_juniper_junos.go:200.10,202.5 1 0
github.com/Juniper/jtimon/subscribe_juniper_junos.go:205.2,205.6 1 21
github.com/Juniper/jtimon/subscribe_juniper_junos.go:205.6,206.10 1 21
github.com/Juniper/jtimon/subscribe_juniper_junos.go:207.28,208.13 1 21
github.com/Juniper/jtimon/subscribe_juniper_junos.go:209.24,211.30 1 0
github.com/Juniper/jtimon/subscribe_juniper_junos.go:212.22,214.32 1 21
github.com/Juniper/jtimon/subscribe_juniper_junos.go:216.17,218.25 1 0
github.com/Juniper/jtimon/subscribe_juniper_junos.go:228.102,233.23 3 23
github.com/Juniper/jtimon/subscribe_juniper_junos.go:233.23,238.3 4 23
github.com/Juniper/jtimon/subscribe_juniper_junos.go:239.2,242.47 3 23
github.com/Juniper/jtimon/subscribe_juniper_junos.go:245.63,246.58 1 23
github.com/Juniper/jtimon/subscribe_juniper_junos.go:246.58,249.24 3 0
github.com/Juniper/jtimon/subscribe_juniper_junos.go:249.24,254.18 3 0
github.com/Juniper/jtimon/subscribe_juniper_junos.go:254.18,256.5 1 0
github.com/Juniper/jtimon/subscribe_juniper_junos.go:257.4,257.19 1 0
github.com/Juniper/jtimon/subscribe_juniper_junos.go:257.19,259.5 1 0
github.com/Juniper/jtimon/subscribe_juniper_junos.go:262.2,262.12 1 22
github.com/Juniper/jtimon/testutils.go:21.34,23.18 2 1
github.com/Juniper/jtimon/testutils.go:23.18,25.69 2 1
github.com/Juniper/jtimon/testutils.go:25.69,27.4 1 0
github.com/Juniper/jtimon/testutils.go:28.3,28.71 1 1
github.com/Juniper/jtimon/testutils.go:28.71,30.4 1 0
github.com/Juniper/jtimon/testutils.go:31.3,31.67 1 1
github.com/Juniper/jtimon/testutils.go:31.67,33.4 1 0
github.com/Juniper/jtimon/testutils.go:35.2,35.12 1 1
github.com/Juniper/jtimon/testutils.go:38.31,39.18 1 1
github.com/Juniper/jtimon/testutils.go:39.18,40.27 1 1
github.com/Juniper/jtimon/testutils.go:40.27,43.4 2 1
github.com/Juniper/jtimon/testutils.go:44.3,44.28 1 1
github.com/Juniper/jtimon/testutils.go:44.28,47.4 2 1
github.com/Juniper/jtimon/testutils.go:48.3,48.26 1 1
github.com/Juniper/jtimon/testutils.go:48.26,51.4 2 1
github.com/Juniper/jtimon/testutils.go:55.48,57.26 2 1
github.com/Juniper/jtimon/testutils.go:57.26,60.3 2 1
github.com/Juniper/jtimon/testutils.go:61.2,61.27 1 1
github.com/Juniper/jtimon/testutils.go:61.27,63.3 1 1
github.com/Juniper/jtimon/testutils.go:66.111,69.18 2 69968
github.com/Juniper/jtimon/testutils.go:70.22,71.26 1 0
github.com/Juniper/jtimon/testutils.go:71.26,73.4 1 0
github.com/Juniper/jtimon/testutils.go:74.3,74.19 1 0
github.com/Juniper/jtimon/testutils.go:75.22,76.26 1 69998
github.com/Juniper/jtimon/testutils.go:76.26,78.4 1 65621
github.com/Juniper/jtimon/testutils.go:79.3,79.19 1 4379
github.com/Juniper/jtimon/testutils.go:80.10,81.9 1 0
github.com/Juniper/jtimon/testutils.go:84.2,86.22 3 4379
github.com/Juniper/jtimon/testutils.go:86.22,88.3 1 26449
github.com/Juniper/jtimon/testutils.go:89.2,90.25 2 4379
github.com/Juniper/jtimon/testutils.go:90.25,93.3 2 26449
github.com/Juniper/jtimon/testutils.go:94.2,99.24 4 4379
github.com/Juniper/jtimon/testutils.go:99.24,101.21 1 4379
github.com/Juniper/jtimon/testutils.go:101.21,102.12 1 0
github.com/Juniper/jtimon/testutils.go:104.3,104.25 1 4379
github.com/Juniper/jtimon/testutils.go:106.2,107.25 2 4379
github.com/Juniper/jtimon/testutils.go:107.25,110.3 2 4379
github.com/Juniper/jtimon/testutils.go:111.2,112.10 2 4379
github.com/Juniper/jtimon/testutils.go:115.45,116.30 1 7
github.com/Juniper/jtimon/testutils.go:116.30,117.25 1 3285
github.com/Juniper/jtimon/testutils.go:117.25,119.4 1 1273
github.com/Juniper/jtimon/testutils.go:120.3,120.11 1 2012
github.com/Juniper/jtimon/testutils.go:122.2,122.74 1 7
github.com/Juniper/jtimon/testutils.go:122.74,124.3 1 5
github.com/Juniper/jtimon/testutils.go:125.2,125.14 1 2
github.com/Juniper/jtimon/workers.go:61.71,70.2 1 9
github.com/Juniper/jtimon/workers.go:73.34,75.2 1 4
github.com/Juniper/jtimon/workers.go:78.37,80.2 1 4
github.com/Juniper/jtimon/workers.go:86.36,88.15 2 9
github.com/Juniper/jtimon/workers.go:88.15,89.26 1 9
github.com/Juniper/jtimon/workers.go:89.26,91.4 1 17
github.com/Juniper/jtimon/workers.go:93.2,94.28 2 9
github.com/Juniper/jtimon/workers.go:98.28,100.2 1 8
github.com/Juniper/jtimon/workers.go:103.48,104.29 1 9
github.com/Juniper/jtimon/workers.go:104.29,106.3 1 17
github.com/Juniper/jtimon/workers.go:112.46,114.25 2 5
github.com/Juniper/jtimon/workers.go:114.25,115.16 1 10
github.com/Juniper/jtimon/workers.go:115.16,118.4 2 5
github.com/Juniper/jtimon/workers.go:123.44,124.67 1 22
github.com/Juniper/jtimon/workers.go:124.67,127.3 2 22
github.com/Juniper/jtimon/workers.go:130.53,131.20 1 9
github.com/Juniper/jtimon/workers.go:131.20,137.26 3 5
github.com/Juniper/jtimon/workers.go:137.26,139.4 1 7
github.com/Juniper/jtimon/workers.go:143.43,149.77 1 4
github.com/Juniper/jtimon/workers.go:149.77,150.49 1 4
github.com/Juniper/jtimon/workers.go:150.49,151.31 1 8
github.com/Juniper/jtimon/workers.go:151.31,157.5 2 3
github.com/Juniper/jtimon/workers.go:157.10,161.5 2 5
github.com/Juniper/jtimon/workers.go:164.3,164.29 1 4
github.com/Juniper/jtimon/workers.go:164.29,165.62 1 13
github.com/Juniper/jtimon/workers.go:165.62,170.5 3 5
github.com/Juniper/jtimon/workers.go:172.8,174.3 1 0
github.com/Juniper/jtimon/workers.go:177.58,182.6 4 9
github.com/Juniper/jtimon/workers.go:182.6,183.10 1 13
github.com/Juniper/jtimon/workers.go:184.23,185.13 1 8
github.com/Juniper/jtimon/workers.go:186.24,188.30 1 4
github.com/Juniper/jtimon/workers.go:188.30,190.6 1 4
github.com/Juniper/jtimon/workers.go:190.11,192.29 1 0
github.com/Juniper/jtimon/workers.go:192.29,194.7 1 0
github.com/Juniper/jtimon/workers.go:196.22,197.28 1 4
github.com/Juniper/jtimon/workers.go:197.28,199.6 1 10
github.com/Juniper/jtimon/workers.go:200.5,200.11 1 4
github.com/Juniper/jtimon/workers.go:202.32,205.22 2 0
github.com/Juniper/jtimon/workers.go:216.60,220.9 3 0
github.com/Juniper/jtimon/workers.go:220.9,222.3 1 0
github.com/Juniper/jtimon/workers.go:223.2,224.36 2 0
github.com/Juniper/jtimon/workers.go:224.36,226.3 1 0
github.com/Juniper/jtimon/workers.go:227.2,228.16 2 0
github.com/Juniper/jtimon/workers.go:228.16,231.3 1 0
github.com/Juniper/jtimon/workers.go:234.2,236.39 3 0
github.com/Juniper/jtimon/workers.go:236.39,243.3 5 0
github.com/Juniper/jtimon/workers.go:244.2,245.13 2 0
github.com/Juniper/jtimon/workers.go:249.88,266.18 8 22
github.com/Juniper/jtimon/workers.go:266.18,268.3 1 0
github.com/Juniper/jtimon/workers.go:270.2,271.16 2 22
github.com/Juniper/jtimon/workers.go:271.16,274.3 2 0
github.com/Juniper/jtimon/workers.go:275.2,276.59 2 22
github.com/Juniper/jtimon/workers.go:276.59,278.3 1 1
github.com/Juniper/jtimon/workers.go:278.8,280.3 1 21
github.com/Juniper/jtimon/workers.go:281.2,281.12 1 22
github.com/Juniper/jtimon/workers.go:281.12,282.15 1 22
github.com/Juniper/jtimon/workers.go:282.15,286.18 3 0
github.com/Juniper/jtimon/workers.go:286.18,289.5 1 0
github.com/Juniper/jtimon/workers.go:291.4,298.152 3 0
github.com/Juniper/jtimon/workers.go:300.3,300.7 1 22
github.com/Juniper/jtimon/workers.go:300.7,301.11 1 47
github.com/Juniper/jtimon/workers.go:302.27,303.16 1 47
github.com/Juniper/jtimon/workers.go:304.23,308.22 3 22
github.com/Juniper/jtimon/workers.go:308.22,310.7 1 0
github.com/Juniper/jtimon/workers.go:311.6,317.12 6 22
github.com/Juniper/jtimon/workers.go:318.25,326.20 3 3
github.com/Juniper/jtimon/workers.go:326.20,328.7 1 0
github.com/Juniper/jtimon/workers.go:329.6,329.19 1 3
github.com/Juniper/jtimon/workers.go:329.19,330.18 1 3
github.com/Juniper/jtimon/workers.go:330.18,332.8 1 0
github.com/Juniper/jtimon/workers.go:332.13,334.8 1 3
github.com/Juniper/jtimon/workers.go:335.12,338.21 3 0
github.com/Juniper/jtimon/workers.go:338.21,341.8 1 0
github.com/Juniper/jtimon/workers.go:343.7,350.147 3 0
github.com/Juniper/jtimon/workers.go:352.26,354.19 1 22
github.com/Juniper/jtimon/workers.go:354.19,356.7 1 22
github.com/Juniper/jtimon/workers.go:358.20,366.11 7 0
github.com/Juniper/jtimon/workers.go:367.25,369.82 2 0
github.com/Juniper/jtimon/workers.go:369.82,371.14 2 0
github.com/Juniper/jtimon/workers.go:376.2,376.15 1 22
github.com/Juniper/jtimon/workers.go:385.38,385.52 1 0
github.com/Juniper/jtimon/workers.go:388.39,388.53 1 0
github.com/Juniper/jtimon/workers.go:391.48,391.62 1 0
github.com/Juniper/jtimon/workers.go:394.52,394.66 1 0
github.com/Juniper/jtimon/workers.go:397.53,397.67 1 0
github.com/Juniper/jtimon/workers.go:405.47,412.2 6 0
github.com/Juniper/jtimon/workers.go:414.59,427.14 10 0
github.com/Juniper/jtimon/workers.go:427.14,429.3 1 0
github.com/Juniper/jtimon/workers.go:429.8,430.46 1 0
github.com/Juniper/jtimon/workers.go:430.46,432.4 1 0
github.com/Juniper/jtimon/workers.go:432.9,434.4 1 0
github.com/Juniper/jtimon/workers.go:437.2,437.16 1 0
github.com/Juniper/jtimon/workers.go:437.16,439.3 1 0
github.com/Juniper/jtimon/workers.go:440.2,441.16 2 0
github.com/Juniper/jtimon/workers.go:441.16,443.3 1 0
github.com/Juniper/jtimon/workers.go:444.2,449.48 4 0
github.com/Juniper/jtimon/workers.go:449.48,455.3 5 0
github.com/Juniper/jtimon/workers.go:457.2,457.48 1 0
github.com/Juniper/jtimon/workers.go:457.48,460.28 3 0
github.com/Juniper/jtimon/workers.go:460.28,463.4 2 0
github.com/Juniper/jtimon/workers.go:464.3,464.13 1 0
github.com/Juniper/jtimon/workers.go:467.2,474.16 3 0
github.com/Juniper/jtimon/workers.go:474.16,476.3 1 0
github.com/Juniper/jtimon/workers.go:478.2,483.12 5 0
github.com/Juniper/jtimon/workers.go:483.12,484.46 1 0
github.com/Juniper/jtimon/workers.go:484.46,487.4 2 0
github.com/Juniper/jtimon/workers.go:488.3,489.40 2 0
github.com/Juniper/jtimon/workers.go:489.40,491.4 1 0
github.com/Juniper/jtimon/workers.go:494.2,495.33 2 0
github.com/Juniper/jtimon/workers.go:495.33,500.3 4 0
github.com/Juniper/jtimon/workers.go:502.2,502.12 1 0
github.com/Juniper/jtimon/workers.go:502.12,504.26 2 0
github.com/Juniper/jtimon/workers.go:504.26,508.4 3 0
github.com/Juniper/jtimon/workers.go:510.3,511.17 2 0
github.com/Juniper/jtimon/workers.go:511.17,515.4 3 0
github.com/Juniper/jtimon/workers.go:516.3,526.37 3 0
github.com/Juniper/jtimon/workers.go:526.37,528.4 1 0
github.com/Juniper/jtimon/workers.go:530.3,531.39 2 0
github.com/Juniper/jtimon/workers.go:531.39,532.27 1 0
github.com/Juniper/jtimon/workers.go:532.27,534.5 1 0
github.com/Juniper/jtimon/workers.go:537.3,538.17 2 0
github.com/Juniper/jtimon/workers.go:538.17,540.4 1 0
github.com/Juniper/jtimon/workers.go:542.3,542.63 1 0
github.com/Juniper/jtimon/workers.go:542.63,547.4 4 0
github.com/Juniper/jtimon/workers.go:549.3,555.95 5 0
github.com/Juniper/jtimon/workers.go:555.95,557.4 1 0
github.com/Juniper/jtimon/workers.go:558.3,560.12 2 0
github.com/Juniper/jtimon/workers.go:560.12,562.4 1 0
github.com/Juniper/jtimon/workers.go:562.9,564.4 1 0
github.com/Juniper/jtimon/workers.go:566.3,567.17 2 0
github.com/Juniper/jtimon/workers.go:567.17,569.4 1 0
github.com/Juniper/jtimon/workers.go:570.3,573.21 3 0
github.com/Juniper/jtimon/workers.go:573.21,574.16 1 0
github.com/Juniper/jtimon/workers.go:574.16,576.5 1 0
github.com/Juniper/jtimon/workers.go:577.4,577.40 1 0
github.com/Juniper/jtimon/workers.go:577.40,578.18 1 0
github.com/Juniper/jtimon/workers.go:578.18,580.6 1 0
github.com/Juniper/jtimon/workers.go:585.3,585.46 1 0
github.com/Juniper/jtimon/workers.go:585.46,586.60 1 0
github.com/Juniper/jtimon/workers.go:586.60,591.39 5 0
github.com/Juniper/jtimon/workers.go:591.39,593.6 1 0
github.com/Juniper/jtimon/workers.go:593.11,595.6 1 0
github.com/Juniper/jtimon/workers.go:596.5,596.17 1 0
github.com/Juniper/jtimon/workers.go:600.3,600.30 1 0
github.com/Juniper/jtimon/workers.go:600.30,601.93 1 0
github.com/Juniper/jtimon/workers.go:603.3,610.15 6 0
github.com/Juniper/jtimon/workers.go:611.27,614.38 3 0
github.com/Juniper/jtimon/workers.go:614.38,616.5 1 0
github.com/Juniper/jtimon/workers.go:616.10,618.5 1 0
github.com/Juniper/jtimon/workers.go:619.4,619.16 1 0
github.com/Juniper/jtimon/workers.go:620.30,623.15 3 0
github.com/Juniper/jtimon/workers.go:623.15,625.5 1 0
github.com/Juniper/jtimon/workers.go:626.4,626.16 1 0
github.com/Juniper/jtimon/workers.go:627.23,631.38 4 0
github.com/Juniper/jtimon/workers.go:631.38,633.5 1 0
github.com/Juniper/jtimon/workers.go:633.10,635.5 1 0
github.com/Juniper/jtimon/workers.go:636.4,636.16 1 0
github.com/Juniper/jtimon/workers.go:637.29,641.10 4 0
github.com/Juniper/jtimon/workers.go:647.2,647.9 1 0
github.com/Juniper/jtimon/workers.go:648.20,649.19 1 0
github.com/Juniper/jtimon/workers.go:650.22,651.40 1 0
github.com/Juniper/jtimon/workers.go:655.47,656.49 1 22
github.com/Juniper/jtimon/workers.go:656.49,657.52 1 0
github.com/Juniper/jtimon/workers.go:657.52,659.4 1 0
github.com/Juniper/jtimon/workers.go:660.3,660.9 1 0
github.com/Juniper/jtimon/workers.go:663.2,671.36 2 22
github.com/Juniper/jtimon/workers.go:671.36,673.3 1 0
github.com/Juniper/jtimon/workers.go:675.2,676.38 2 22
github.com/Juniper/jtimon/workers.go:676.38,677.26 1 22
github.com/Juniper/jtimon/workers.go:677.26,679.4 1 0
github.com/Juniper/jtimon/workers.go:684.2,685.16 2 24
github.com/Juniper/jtimon/workers.go:685.16,689.15 4 0
github.com/Juniper/jtimon/workers.go:691.2,691.62 1 24
github.com/Juniper/jtimon/workers.go:691.62,695.3 3 0
github.com/Juniper/jtimon/workers.go:697.2,698.22 2 24
github.com/Juniper/jtimon/workers.go:698.22,702.3 3 0
github.com/Juniper/jtimon/workers.go:705.2,705.9 1 24
github.com/Juniper/jtimon/workers.go:706.27,707.12 1 1
github.com/Juniper/jtimon/workers.go:708.21,712.10 3 1
github.com/Juniper/jtimon/workers.go:716.10,716.10 0 23
github.com/Juniper/jtimon/workers.go:720.2,720.11 1 23
github.com/Juniper/jtimon/workers.go:720.11,722.3 1 1
github.com/Juniper/jtimon/workers.go:722.8,724.3 1 22
github.com/Juniper/jtimon/workers.go:725.2,726.16 2 23
github.com/Juniper/jtimon/workers.go:726.16,730.15 4 0
github.com/Juniper/jtimon/workers.go:735.2,736.20 2 23
github.com/Juniper/jtimon/workers.go:736.20,737.39 1 0
github.com/Juniper/jtimon/workers.go:737.39,741.56 1 0
github.com/Juniper/jtimon/workers.go:741.56,743.5 1 0
github.com/Juniper/jtimon/workers.go:749.2,749.45 1 23
github.com/Juniper/jtimon/workers.go:749.45,750.59 1 23
github.com/Juniper/jtimon/workers.go:750.59,755.38 5 0
github.com/Juniper/jtimon/workers.go:755.38,757.5 1 0
github.com/Juniper/jtimon/workers.go:757.10,759.5 1 0
github.com/Juniper/jtimon/workers.go:760.4,760.16 1 0
github.com/Juniper/jtimon/workers.go:764.2,764.29 1 22
github.com/Juniper/jtimon/workers.go:764.29,765.92 1 0
github.com/Juniper/jtimon/workers.go:767.2,775.14 6 23
github.com/Juniper/jtimon/workers.go:776.26,779.37 3 0
github.com/Juniper/jtimon/workers.go:779.37,781.4 1 0
github.com/Juniper/jtimon/workers.go:781.9,783.4 1 0
github.com/Juniper/jtimon/workers.go:784.3,784.15 1 0
github.com/Juniper/jtimon/workers.go:785.29,788.14 3 0
github.com/Juniper/jtimon/workers.go:788.14,790.4 1 0
github.com/Juniper/jtimon/workers.go:791.3,791.15 1 0
github.com/Juniper/jtimon/workers.go:792.22,796.37 4 2
github.com/Juniper/jtimon/workers.go:796.37,798.4 1 0
github.com/Juniper/jtimon/workers.go:798.9,800.4 1 2
github.com/Juniper/jtimon/workers.go:801.3,801.15 1 2
github.com/Juniper/jtimon/workers.go:802.28,805.9 3 21
